This file contains any messages produced by compilers while
running configure, to aid debugging if configure makes a mistake.

It was created by LoLA configure 2.0, which was
generated by GNU Autoconf 2.69.  Invocation command line was

  $ ./configure 

## --------- ##
## Platform. ##
## --------- ##

hostname = BA
uname -m = x86_64
uname -r = 4.10.0-35-generic
uname -s = Linux
uname -v = #39-Ubuntu SMP Wed Sep 13 07:46:59 UTC 2017

/usr/bin/uname -p = unknown
/bin/uname -X     = unknown

/bin/arch              = unknown
/usr/bin/arch -k       = unknown
/usr/convex/getsysinfo = unknown
/usr/bin/hostinfo      = unknown
/bin/machine           = unknown
/usr/bin/oslevel       = unknown
/bin/universe          = unknown

PATH: /usr/local/sbin
PATH: /usr/local/bin
PATH: /usr/sbin
PATH: /usr/bin
PATH: /sbin
PATH: /bin
PATH: /usr/games
PATH: /usr/local/games
PATH: /snap/bin
PATH: /snap/bin


## ----------- ##
## Core tests. ##
## ----------- ##

configure:2831:  _          _        _    
configure:2833: | |    ___ | |      / \   
configure:2835: | |   / _ \| |     / _ \  
configure:2837: | |__| (_) | |___ / ___ \ 
configure:2839: |_____\___/|_____/_/   \_\
configure:2841: a low-level analyzer
configure:2843: http://service-technology.org/lola
configure:2845: version 2.0
configure:2847: 
configure:2899: checking for a BSD-compatible install
configure:2967: result: /usr/bin/install -c
configure:2978: checking whether build environment is sane
configure:3033: result: yes
configure:3184: checking for a thread-safe mkdir -p
configure:3223: result: /bin/mkdir -p
configure:3230: checking for gawk
configure:3260: result: no
configure:3230: checking for mawk
configure:3246: found /usr/bin/mawk
configure:3257: result: mawk
configure:3268: checking whether make sets $(MAKE)
configure:3290: result: yes
configure:3319: checking whether make supports nested variables
configure:3336: result: yes
configure:3431: checking whether make supports nested variables
configure:3448: result: yes
configure:3477: checking for style of include used by make
configure:3505: result: GNU
configure:3576: checking for gcc
configure:3592: found /usr/bin/gcc
configure:3603: result: gcc
configure:3832: checking for C compiler version
configure:3841: gcc --version >&5
gcc (Ubuntu 6.3.0-12ubuntu2) 6.3.0 20170406
Copyright (C) 2016 Free Software Foundation, Inc.
This is free software; see the source for copying conditions.  There is NO
warranty; not even for MERCHANTABILITY or FITNESS FOR A PARTICULAR PURPOSE.

configure:3852: $? = 0
configure:3841: gcc -v >&5
Using built-in specs.
COLLECT_GCC=gcc
COLLECT_LTO_WRAPPER=/usr/lib/gcc/x86_64-linux-gnu/6/lto-wrapper
Target: x86_64-linux-gnu
Configured with: ../src/configure -v --with-pkgversion='Ubuntu 6.3.0-12ubuntu2' --with-bugurl=file:///usr/share/doc/gcc-6/README.Bugs --enable-languages=c,ada,c++,java,go,d,fortran,objc,obj-c++ --prefix=/usr --program-suffix=-6 --program-prefix=x86_64-linux-gnu- --enable-shared --enable-linker-build-id --libexecdir=/usr/lib --without-included-gettext --enable-threads=posix --libdir=/usr/lib --enable-nls --with-sysroot=/ --enable-clocale=gnu --enable-libstdcxx-debug --enable-libstdcxx-time=yes --with-default-libstdcxx-abi=new --enable-gnu-unique-object --disable-vtable-verify --enable-libmpx --enable-plugin --enable-default-pie --with-system-zlib --disable-browser-plugin --enable-java-awt=gtk --enable-gtk-cairo --with-java-home=/usr/lib/jvm/java-1.5.0-gcj-6-amd64/jre --enable-java-home --with-jvm-root-dir=/usr/lib/jvm/java-1.5.0-gcj-6-amd64 --with-jvm-jar-dir=/usr/lib/jvm-exports/java-1.5.0-gcj-6-amd64 --with-arch-directory=amd64 --with-ecj-jar=/usr/share/java/eclipse-ecj.jar --with-target-system-zlib --enable-objc-gc=auto --enable-multiarch --disable-werror --with-arch-32=i686 --with-abi=m64 --with-multilib-list=m32,m64,mx32 --enable-multilib --with-tune=generic --enable-checking=release --build=x86_64-linux-gnu --host=x86_64-linux-gnu --target=x86_64-linux-gnu
Thread model: posix
gcc version 6.3.0 20170406 (Ubuntu 6.3.0-12ubuntu2) 
configure:3852: $? = 0
configure:3841: gcc -V >&5
gcc: error: unrecognized command line option '-V'
gcc: fatal error: no input files
compilation terminated.
configure:3852: $? = 1
configure:3841: gcc -qversion >&5
gcc: error: unrecognized command line option '-qversion'; did you mean '--version'?
gcc: fatal error: no input files
compilation terminated.
configure:3852: $? = 1
configure:3872: checking whether the C compiler works
configure:3894: gcc    conftest.c  >&5
configure:3898: $? = 0
configure:3946: result: yes
configure:3949: checking for C compiler default output file name
configure:3951: result: a.out
configure:3957: checking for suffix of executables
configure:3964: gcc -o conftest    conftest.c  >&5
configure:3968: $? = 0
configure:3990: result: 
configure:4012: checking whether we are cross compiling
configure:4020: gcc -o conftest    conftest.c  >&5
configure:4024: $? = 0
configure:4031: ./conftest
configure:4035: $? = 0
configure:4050: result: no
configure:4055: checking for suffix of object files
configure:4077: gcc -c   conftest.c >&5
configure:4081: $? = 0
configure:4102: result: o
configure:4106: checking whether we are using the GNU C compiler
configure:4125: gcc -c   conftest.c >&5
configure:4125: $? = 0
configure:4134: result: yes
configure:4143: checking whether gcc accepts -g
configure:4163: gcc -c -g  conftest.c >&5
configure:4163: $? = 0
configure:4204: result: yes
configure:4221: checking for gcc option to accept ISO C89
configure:4284: gcc  -c   conftest.c >&5
configure:4284: $? = 0
configure:4297: result: none needed
configure:4319: checking dependency style of gcc
configure:4430: result: gcc3
configure:4451: checking how to run the C preprocessor
configure:4482: gcc -E  conftest.c
configure:4482: $? = 0
configure:4496: gcc -E  conftest.c
conftest.c:11:28: fatal error: ac_nonexistent.h: No such file or directory
 #include <ac_nonexistent.h>
                            ^
compilation terminated.
configure:4496: $? = 1
configure: failed program was:
| /* confdefs.h */
| #define PACKAGE_NAME "LoLA"
| #define PACKAGE_TARNAME "lola"
| #define PACKAGE_VERSION "2.0"
| #define PACKAGE_STRING "LoLA 2.0"
| #define PACKAGE_BUGREPORT "lola@service-technology.org"
| #define PACKAGE_URL "http://service-technology.org/lola"
| #define PACKAGE "lola"
| #define VERSION "2.0"
| /* end confdefs.h.  */
| #include <ac_nonexistent.h>
configure:4521: result: gcc -E
configure:4541: gcc -E  conftest.c
configure:4541: $? = 0
configure:4555: gcc -E  conftest.c
conftest.c:11:28: fatal error: ac_nonexistent.h: No such file or directory
 #include <ac_nonexistent.h>
                            ^
compilation terminated.
configure:4555: $? = 1
configure: failed program was:
| /* confdefs.h */
| #define PACKAGE_NAME "LoLA"
| #define PACKAGE_TARNAME "lola"
| #define PACKAGE_VERSION "2.0"
| #define PACKAGE_STRING "LoLA 2.0"
| #define PACKAGE_BUGREPORT "lola@service-technology.org"
| #define PACKAGE_URL "http://service-technology.org/lola"
| #define PACKAGE "lola"
| #define VERSION "2.0"
| /* end confdefs.h.  */
| #include <ac_nonexistent.h>
configure:4584: checking for grep that handles long lines and -e
configure:4642: result: /bin/grep
configure:4647: checking for egrep
configure:4709: result: /bin/grep -E
configure:4714: checking for ANSI C header files
configure:4734: gcc -c   conftest.c >&5
configure:4734: $? = 0
configure:4807: gcc -o conftest    conftest.c  >&5
configure:4807: $? = 0
configure:4807: ./conftest
configure:4807: $? = 0
configure:4818: result: yes
configure:4831: checking for sys/types.h
configure:4831: gcc -c   conftest.c >&5
configure:4831: $? = 0
configure:4831: result: yes
configure:4831: checking for sys/stat.h
configure:4831: gcc -c   conftest.c >&5
configure:4831: $? = 0
configure:4831: result: yes
configure:4831: checking for stdlib.h
configure:4831: gcc -c   conftest.c >&5
configure:4831: $? = 0
configure:4831: result: yes
configure:4831: checking for string.h
configure:4831: gcc -c   conftest.c >&5
configure:4831: $? = 0
configure:4831: result: yes
configure:4831: checking for memory.h
configure:4831: gcc -c   conftest.c >&5
configure:4831: $? = 0
configure:4831: result: yes
configure:4831: checking for strings.h
configure:4831: gcc -c   conftest.c >&5
configure:4831: $? = 0
configure:4831: result: yes
configure:4831: checking for inttypes.h
configure:4831: gcc -c   conftest.c >&5
configure:4831: $? = 0
configure:4831: result: yes
configure:4831: checking for stdint.h
configure:4831: gcc -c   conftest.c >&5
configure:4831: $? = 0
configure:4831: result: yes
configure:4831: checking for unistd.h
configure:4831: gcc -c   conftest.c >&5
configure:4831: $? = 0
configure:4831: result: yes
configure:4844: checking minix/config.h usability
configure:4844: gcc -c   conftest.c >&5
conftest.c:54:26: fatal error: minix/config.h: No such file or directory
 #include <minix/config.h>
                          ^
compilation terminated.
configure:4844: $? = 1
configure: failed program was:
| /* confdefs.h */
| #define PACKAGE_NAME "LoLA"
| #define PACKAGE_TARNAME "lola"
| #define PACKAGE_VERSION "2.0"
| #define PACKAGE_STRING "LoLA 2.0"
| #define PACKAGE_BUGREPORT "lola@service-technology.org"
| #define PACKAGE_URL "http://service-technology.org/lola"
| #define PACKAGE "lola"
| #define VERSION "2.0"
| #define STDC_HEADERS 1
| #define HAVE_SYS_TYPES_H 1
| #define HAVE_SYS_STAT_H 1
| #define HAVE_STDLIB_H 1
| #define HAVE_STRING_H 1
| #define HAVE_MEMORY_H 1
| #define HAVE_STRINGS_H 1
| #define HAVE_INTTYPES_H 1
| #define HAVE_STDINT_H 1
| #define HAVE_UNISTD_H 1
| /* end confdefs.h.  */
| #include <stdio.h>
| #ifdef HAVE_SYS_TYPES_H
| # include <sys/types.h>
| #endif
| #ifdef HAVE_SYS_STAT_H
| # include <sys/stat.h>
| #endif
| #ifdef STDC_HEADERS
| # include <stdlib.h>
| # include <stddef.h>
| #else
| # ifdef HAVE_STDLIB_H
| #  include <stdlib.h>
| # endif
| #endif
| #ifdef HAVE_STRING_H
| # if !defined STDC_HEADERS && defined HAVE_MEMORY_H
| #  include <memory.h>
| # endif
| # include <string.h>
| #endif
| #ifdef HAVE_STRINGS_H
| # include <strings.h>
| #endif
| #ifdef HAVE_INTTYPES_H
| # include <inttypes.h>
| #endif
| #ifdef HAVE_STDINT_H
| # include <stdint.h>
| #endif
| #ifdef HAVE_UNISTD_H
| # include <unistd.h>
| #endif
| #include <minix/config.h>
configure:4844: result: no
configure:4844: checking minix/config.h presence
configure:4844: gcc -E  conftest.c
conftest.c:21:26: fatal error: minix/config.h: No such file or directory
 #include <minix/config.h>
                          ^
compilation terminated.
configure:4844: $? = 1
configure: failed program was:
| /* confdefs.h */
| #define PACKAGE_NAME "LoLA"
| #define PACKAGE_TARNAME "lola"
| #define PACKAGE_VERSION "2.0"
| #define PACKAGE_STRING "LoLA 2.0"
| #define PACKAGE_BUGREPORT "lola@service-technology.org"
| #define PACKAGE_URL "http://service-technology.org/lola"
| #define PACKAGE "lola"
| #define VERSION "2.0"
| #define STDC_HEADERS 1
| #define HAVE_SYS_TYPES_H 1
| #define HAVE_SYS_STAT_H 1
| #define HAVE_STDLIB_H 1
| #define HAVE_STRING_H 1
| #define HAVE_MEMORY_H 1
| #define HAVE_STRINGS_H 1
| #define HAVE_INTTYPES_H 1
| #define HAVE_STDINT_H 1
| #define HAVE_UNISTD_H 1
| /* end confdefs.h.  */
| #include <minix/config.h>
configure:4844: result: no
configure:4844: checking for minix/config.h
configure:4844: result: no
configure:4865: checking whether it is safe to define __EXTENSIONS__
configure:4883: gcc -c   conftest.c >&5
configure:4883: $? = 0
configure:4890: result: yes
configure:4959: checking whether to compile in debug mode
configure:4961: result: no
configure:4969: checking whether C compiler accepts -Ofast
configure:4988: gcc -c  -O4  -Ofast  conftest.c >&5
configure:4988: $? = 0
configure:4996: result: yes
configure:5014: checking for gawk
configure:5041: result: mawk
configure:5110: checking for g++
configure:5126: found /usr/bin/g++
configure:5137: result: g++
configure:5164: checking for C++ compiler version
configure:5173: g++ --version >&5
g++ (Ubuntu 6.3.0-12ubuntu2) 6.3.0 20170406
Copyright (C) 2016 Free Software Foundation, Inc.
This is free software; see the source for copying conditions.  There is NO
warranty; not even for MERCHANTABILITY or FITNESS FOR A PARTICULAR PURPOSE.

configure:5184: $? = 0
configure:5173: g++ -v >&5
Using built-in specs.
COLLECT_GCC=g++
COLLECT_LTO_WRAPPER=/usr/lib/gcc/x86_64-linux-gnu/6/lto-wrapper
Target: x86_64-linux-gnu
Configured with: ../src/configure -v --with-pkgversion='Ubuntu 6.3.0-12ubuntu2' --with-bugurl=file:///usr/share/doc/gcc-6/README.Bugs --enable-languages=c,ada,c++,java,go,d,fortran,objc,obj-c++ --prefix=/usr --program-suffix=-6 --program-prefix=x86_64-linux-gnu- --enable-shared --enable-linker-build-id --libexecdir=/usr/lib --without-included-gettext --enable-threads=posix --libdir=/usr/lib --enable-nls --with-sysroot=/ --enable-clocale=gnu --enable-libstdcxx-debug --enable-libstdcxx-time=yes --with-default-libstdcxx-abi=new --enable-gnu-unique-object --disable-vtable-verify --enable-libmpx --enable-plugin --enable-default-pie --with-system-zlib --disable-browser-plugin --enable-java-awt=gtk --enable-gtk-cairo --with-java-home=/usr/lib/jvm/java-1.5.0-gcj-6-amd64/jre --enable-java-home --with-jvm-root-dir=/usr/lib/jvm/java-1.5.0-gcj-6-amd64 --with-jvm-jar-dir=/usr/lib/jvm-exports/java-1.5.0-gcj-6-amd64 --with-arch-directory=amd64 --with-ecj-jar=/usr/share/java/eclipse-ecj.jar --with-target-system-zlib --enable-objc-gc=auto --enable-multiarch --disable-werror --with-arch-32=i686 --with-abi=m64 --with-multilib-list=m32,m64,mx32 --enable-multilib --with-tune=generic --enable-checking=release --build=x86_64-linux-gnu --host=x86_64-linux-gnu --target=x86_64-linux-gnu
Thread model: posix
gcc version 6.3.0 20170406 (Ubuntu 6.3.0-12ubuntu2) 
configure:5184: $? = 0
configure:5173: g++ -V >&5
g++: error: unrecognized command line option '-V'
g++: fatal error: no input files
compilation terminated.
configure:5184: $? = 1
configure:5173: g++ -qversion >&5
g++: error: unrecognized command line option '-qversion'; did you mean '--version'?
g++: fatal error: no input files
compilation terminated.
configure:5184: $? = 1
configure:5188: checking whether we are using the GNU C++ compiler
configure:5207: g++ -c -D NDEBUG -O4 -Ofast  conftest.cpp >&5
configure:5207: $? = 0
configure:5216: result: yes
configure:5225: checking whether g++ accepts -g
configure:5245: g++ -c -g  conftest.cpp >&5
configure:5245: $? = 0
configure:5286: result: yes
configure:5311: checking dependency style of g++
configure:5422: result: gcc3
configure:5438: checking whether gcc and cc understand -c and -o together
configure:5469: gcc -c conftest.c -o conftest2.o >&5
configure:5473: $? = 0
configure:5479: gcc -c conftest.c -o conftest2.o >&5
configure:5483: $? = 0
configure:5494: cc -c conftest.c >&5
configure:5498: $? = 0
configure:5506: cc -c conftest.c -o conftest2.o >&5
configure:5510: $? = 0
configure:5516: cc -c conftest.c -o conftest2.o >&5
configure:5520: $? = 0
configure:5538: result: yes
configure:5567: checking for flex
configure:5597: result: no
configure:5567: checking for lex
configure:5597: result: no
configure:5726: checking for bison
configure:5756: result: no
configure:5726: checking for byacc
configure:5756: result: no
configure:5808: checking for ranlib
configure:5824: found /usr/bin/ranlib
configure:5835: result: ranlib
configure:5857: checking whether ln -s works
configure:5861: result: yes
configure:5874: checking build system type
configure:5888: result: x86_64-unknown-linux-gnu
configure:5909: checking whether to enable assertions
configure:5927: result: yes
configure:5957: checking for a sed that does not truncate output
configure:6021: result: /bin/sed
configure:6026: checking for grep that handles long lines and -e
configure:6084: result: /bin/grep
configure:6093: checking for gawk
configure:6120: result: mawk
configure:6207: checking for mktemp
configure:6207: g++ -o conftest -D NDEBUG -O4 -Ofast   conftest.cpp  >&5
/tmp/ccUPuwF9.o: In function `main':
conftest.cpp:(.text.startup+0x5): warning: the use of `mktemp' is dangerous, better use `mkstemp' or `mkdtemp'
configure:6207: $? = 0
configure:6207: result: yes
configure:6207: checking for vfprintf
configure:6207: g++ -o conftest -D NDEBUG -O4 -Ofast   conftest.cpp  >&5
configure:6207: $? = 0
configure:6207: result: yes
configure:6227: checking host system type
configure:6240: result: x86_64-unknown-linux-gnu
configure:6428: checking for the pthreads library -lpthreads
configure:6466: gcc -o conftest  -O4 -Ofast    conftest.c -lpthreads  >&5
/usr/bin/ld: cannot find -lpthreads
collect2: error: ld returned 1 exit status
configure:6466: $? = 1
configure: failed program was:
| /* confdefs.h */
| #define PACKAGE_NAME "LoLA"
| #define PACKAGE_TARNAME "lola"
| #define PACKAGE_VERSION "2.0"
| #define PACKAGE_STRING "LoLA 2.0"
| #define PACKAGE_BUGREPORT "lola@service-technology.org"
| #define PACKAGE_URL "http://service-technology.org/lola"
| #define PACKAGE "lola"
| #define VERSION "2.0"
| #define STDC_HEADERS 1
| #define HAVE_SYS_TYPES_H 1
| #define HAVE_SYS_STAT_H 1
| #define HAVE_STDLIB_H 1
| #define HAVE_STRING_H 1
| #define HAVE_MEMORY_H 1
| #define HAVE_STRINGS_H 1
| #define HAVE_INTTYPES_H 1
| #define HAVE_STDINT_H 1
| #define HAVE_UNISTD_H 1
| #define __EXTENSIONS__ 1
| #define _ALL_SOURCE 1
| #define _GNU_SOURCE 1
| #define _POSIX_PTHREAD_SEMANTICS 1
| #define _TANDEM_SOURCE 1
| #define NDEBUG 1
| #define USE_PERFORMANCE 1
| #define VERSION_SVN ""
| #define CONFIG_HOSTNAME "BA"
| #define CONFIG_BUILDSYSTEM "x86_64-unknown-linux-gnu"
| #define TOOL_AWK "\"mawk\""
| #define TOOL_GREP "\"/bin/grep\""
| #define HAVE_MKTEMP 1
| #define HAVE_VFPRINTF 1
| /* end confdefs.h.  */
| #include <pthread.h>
|                         static void routine(void *a) { a = 0; }
|                         static void *start_routine(void *a) { return a; }
| int
| main ()
| {
| pthread_t th; pthread_attr_t attr;
|                         pthread_create(&th, 0, start_routine, 0);
|                         pthread_join(th, 0);
|                         pthread_attr_init(&attr);
|                         pthread_cleanup_push(routine, 0);
|                         pthread_cleanup_pop(0) /* ; */
|   ;
|   return 0;
| }
configure:6475: result: no
configure:6373: checking whether pthreads work without any flags
configure:6466: gcc -o conftest  -O4 -Ofast    conftest.c   >&5
/tmp/cclBwwog.o: In function `main':
conftest.c:(.text.startup+0x2c): undefined reference to `pthread_create'
conftest.c:(.text.startup+0x38): undefined reference to `pthread_join'
conftest.c:(.text.startup+0x5f): undefined reference to `__pthread_register_cancel'
conftest.c:(.text.startup+0x67): undefined reference to `__pthread_unregister_cancel'
collect2: error: ld returned 1 exit status
configure:6466: $? = 1
configure: failed program was:
| /* confdefs.h */
| #define PACKAGE_NAME "LoLA"
| #define PACKAGE_TARNAME "lola"
| #define PACKAGE_VERSION "2.0"
| #define PACKAGE_STRING "LoLA 2.0"
| #define PACKAGE_BUGREPORT "lola@service-technology.org"
| #define PACKAGE_URL "http://service-technology.org/lola"
| #define PACKAGE "lola"
| #define VERSION "2.0"
| #define STDC_HEADERS 1
| #define HAVE_SYS_TYPES_H 1
| #define HAVE_SYS_STAT_H 1
| #define HAVE_STDLIB_H 1
| #define HAVE_STRING_H 1
| #define HAVE_MEMORY_H 1
| #define HAVE_STRINGS_H 1
| #define HAVE_INTTYPES_H 1
| #define HAVE_STDINT_H 1
| #define HAVE_UNISTD_H 1
| #define __EXTENSIONS__ 1
| #define _ALL_SOURCE 1
| #define _GNU_SOURCE 1
| #define _POSIX_PTHREAD_SEMANTICS 1
| #define _TANDEM_SOURCE 1
| #define NDEBUG 1
| #define USE_PERFORMANCE 1
| #define VERSION_SVN ""
| #define CONFIG_HOSTNAME "BA"
| #define CONFIG_BUILDSYSTEM "x86_64-unknown-linux-gnu"
| #define TOOL_AWK "\"mawk\""
| #define TOOL_GREP "\"/bin/grep\""
| #define HAVE_MKTEMP 1
| #define HAVE_VFPRINTF 1
| /* end confdefs.h.  */
| #include <pthread.h>
|                         static void routine(void *a) { a = 0; }
|                         static void *start_routine(void *a) { return a; }
| int
| main ()
| {
| pthread_t th; pthread_attr_t attr;
|                         pthread_create(&th, 0, start_routine, 0);
|                         pthread_join(th, 0);
|                         pthread_attr_init(&attr);
|                         pthread_cleanup_push(routine, 0);
|                         pthread_cleanup_pop(0) /* ; */
|   ;
|   return 0;
| }
configure:6475: result: no
configure:6378: checking whether pthreads work with -Kthread
configure:6466: gcc -o conftest  -O4 -Ofast -Kthread   conftest.c   >&5
gcc: error: unrecognized command line option '-Kthread'; did you mean '-pthread'?
configure:6466: $? = 1
configure: failed program was:
| /* confdefs.h */
| #define PACKAGE_NAME "LoLA"
| #define PACKAGE_TARNAME "lola"
| #define PACKAGE_VERSION "2.0"
| #define PACKAGE_STRING "LoLA 2.0"
| #define PACKAGE_BUGREPORT "lola@service-technology.org"
| #define PACKAGE_URL "http://service-technology.org/lola"
| #define PACKAGE "lola"
| #define VERSION "2.0"
| #define STDC_HEADERS 1
| #define HAVE_SYS_TYPES_H 1
| #define HAVE_SYS_STAT_H 1
| #define HAVE_STDLIB_H 1
| #define HAVE_STRING_H 1
| #define HAVE_MEMORY_H 1
| #define HAVE_STRINGS_H 1
| #define HAVE_INTTYPES_H 1
| #define HAVE_STDINT_H 1
| #define HAVE_UNISTD_H 1
| #define __EXTENSIONS__ 1
| #define _ALL_SOURCE 1
| #define _GNU_SOURCE 1
| #define _POSIX_PTHREAD_SEMANTICS 1
| #define _TANDEM_SOURCE 1
| #define NDEBUG 1
| #define USE_PERFORMANCE 1
| #define VERSION_SVN ""
| #define CONFIG_HOSTNAME "BA"
| #define CONFIG_BUILDSYSTEM "x86_64-unknown-linux-gnu"
| #define TOOL_AWK "\"mawk\""
| #define TOOL_GREP "\"/bin/grep\""
| #define HAVE_MKTEMP 1
| #define HAVE_VFPRINTF 1
| /* end confdefs.h.  */
| #include <pthread.h>
|                         static void routine(void *a) { a = 0; }
|                         static void *start_routine(void *a) { return a; }
| int
| main ()
| {
| pthread_t th; pthread_attr_t attr;
|                         pthread_create(&th, 0, start_routine, 0);
|                         pthread_join(th, 0);
|                         pthread_attr_init(&attr);
|                         pthread_cleanup_push(routine, 0);
|                         pthread_cleanup_pop(0) /* ; */
|   ;
|   return 0;
| }
configure:6475: result: no
configure:6378: checking whether pthreads work with -kthread
configure:6466: gcc -o conftest  -O4 -Ofast -kthread   conftest.c   >&5
gcc: error: unrecognized command line option '-kthread'; did you mean '-pthread'?
configure:6466: $? = 1
configure: failed program was:
| /* confdefs.h */
| #define PACKAGE_NAME "LoLA"
| #define PACKAGE_TARNAME "lola"
| #define PACKAGE_VERSION "2.0"
| #define PACKAGE_STRING "LoLA 2.0"
| #define PACKAGE_BUGREPORT "lola@service-technology.org"
| #define PACKAGE_URL "http://service-technology.org/lola"
| #define PACKAGE "lola"
| #define VERSION "2.0"
| #define STDC_HEADERS 1
| #define HAVE_SYS_TYPES_H 1
| #define HAVE_SYS_STAT_H 1
| #define HAVE_STDLIB_H 1
| #define HAVE_STRING_H 1
| #define HAVE_MEMORY_H 1
| #define HAVE_STRINGS_H 1
| #define HAVE_INTTYPES_H 1
| #define HAVE_STDINT_H 1
| #define HAVE_UNISTD_H 1
| #define __EXTENSIONS__ 1
| #define _ALL_SOURCE 1
| #define _GNU_SOURCE 1
| #define _POSIX_PTHREAD_SEMANTICS 1
| #define _TANDEM_SOURCE 1
| #define NDEBUG 1
| #define USE_PERFORMANCE 1
| #define VERSION_SVN ""
| #define CONFIG_HOSTNAME "BA"
| #define CONFIG_BUILDSYSTEM "x86_64-unknown-linux-gnu"
| #define TOOL_AWK "\"mawk\""
| #define TOOL_GREP "\"/bin/grep\""
| #define HAVE_MKTEMP 1
| #define HAVE_VFPRINTF 1
| /* end confdefs.h.  */
| #include <pthread.h>
|                         static void routine(void *a) { a = 0; }
|                         static void *start_routine(void *a) { return a; }
| int
| main ()
| {
| pthread_t th; pthread_attr_t attr;
|                         pthread_create(&th, 0, start_routine, 0);
|                         pthread_join(th, 0);
|                         pthread_attr_init(&attr);
|                         pthread_cleanup_push(routine, 0);
|                         pthread_cleanup_pop(0) /* ; */
|   ;
|   return 0;
| }
configure:6475: result: no
configure:6428: checking for the pthreads library -llthread
configure:6466: gcc -o conftest  -O4 -Ofast    conftest.c -llthread  >&5
/usr/bin/ld: cannot find -llthread
collect2: error: ld returned 1 exit status
configure:6466: $? = 1
configure: failed program was:
| /* confdefs.h */
| #define PACKAGE_NAME "LoLA"
| #define PACKAGE_TARNAME "lola"
| #define PACKAGE_VERSION "2.0"
| #define PACKAGE_STRING "LoLA 2.0"
| #define PACKAGE_BUGREPORT "lola@service-technology.org"
| #define PACKAGE_URL "http://service-technology.org/lola"
| #define PACKAGE "lola"
| #define VERSION "2.0"
| #define STDC_HEADERS 1
| #define HAVE_SYS_TYPES_H 1
| #define HAVE_SYS_STAT_H 1
| #define HAVE_STDLIB_H 1
| #define HAVE_STRING_H 1
| #define HAVE_MEMORY_H 1
| #define HAVE_STRINGS_H 1
| #define HAVE_INTTYPES_H 1
| #define HAVE_STDINT_H 1
| #define HAVE_UNISTD_H 1
| #define __EXTENSIONS__ 1
| #define _ALL_SOURCE 1
| #define _GNU_SOURCE 1
| #define _POSIX_PTHREAD_SEMANTICS 1
| #define _TANDEM_SOURCE 1
| #define NDEBUG 1
| #define USE_PERFORMANCE 1
| #define VERSION_SVN ""
| #define CONFIG_HOSTNAME "BA"
| #define CONFIG_BUILDSYSTEM "x86_64-unknown-linux-gnu"
| #define TOOL_AWK "\"mawk\""
| #define TOOL_GREP "\"/bin/grep\""
| #define HAVE_MKTEMP 1
| #define HAVE_VFPRINTF 1
| /* end confdefs.h.  */
| #include <pthread.h>
|                         static void routine(void *a) { a = 0; }
|                         static void *start_routine(void *a) { return a; }
| int
| main ()
| {
| pthread_t th; pthread_attr_t attr;
|                         pthread_create(&th, 0, start_routine, 0);
|                         pthread_join(th, 0);
|                         pthread_attr_init(&attr);
|                         pthread_cleanup_push(routine, 0);
|                         pthread_cleanup_pop(0) /* ; */
|   ;
|   return 0;
| }
configure:6475: result: no
configure:6378: checking whether pthreads work with -pthread
configure:6466: gcc -o conftest  -O4 -Ofast -pthread   conftest.c   >&5
configure:6466: $? = 0
configure:6475: result: yes
configure:6494: checking for joinable pthread attribute
configure:6509: gcc -o conftest  -O4 -Ofast -pthread   conftest.c   >&5
configure:6509: $? = 0
configure:6515: result: PTHREAD_CREATE_JOINABLE
configure:6525: checking if more special flags are required for pthreads
configure:6539: result: no
configure:6545: checking for PTHREAD_PRIO_INHERIT
configure:6563: gcc -o conftest  -O4 -Ofast -pthread   conftest.c   >&5
configure:6563: $? = 0
configure:6572: result: yes
configure:6679: checking for valgrind
configure:6710: result: not found
configure:6720: checking for stdbool.h that conforms to C99
configure:6787: g++ -c -D NDEBUG -O4 -Ofast -pthread  conftest.cpp >&5
conftest.cpp:40:15: error: expected unqualified-id before string constant
               "error: bool is not defined"
               ^~~~~~~~~~~~~~~~~~~~~~~~~~~~
conftest.cpp:58:48: error: 's' does not name a type
              struct s { _Bool s: 1; _Bool t; } s;
                                                ^
conftest.cpp:68:28: error: 's' was not declared in this scope
              char i[sizeof s.t];
                            ^
conftest.cpp: In function 'int main()':
conftest.cpp:86:24: error: 's' was not declared in this scope
              bool e = &s;
                        ^
conftest.cpp:90:63: error: 'i' was not declared in this scope
              return (!a + !b + !c + !d + !e + !f + !g + !h + !i + !!j + !k + !!l
                                                               ^
configure:6787: $? = 1
configure: failed program was:
| /* confdefs.h */
| #define PACKAGE_NAME "LoLA"
| #define PACKAGE_TARNAME "lola"
| #define PACKAGE_VERSION "2.0"
| #define PACKAGE_STRING "LoLA 2.0"
| #define PACKAGE_BUGREPORT "lola@service-technology.org"
| #define PACKAGE_URL "http://service-technology.org/lola"
| #define PACKAGE "lola"
| #define VERSION "2.0"
| #define STDC_HEADERS 1
| #define HAVE_SYS_TYPES_H 1
| #define HAVE_SYS_STAT_H 1
| #define HAVE_STDLIB_H 1
| #define HAVE_STRING_H 1
| #define HAVE_MEMORY_H 1
| #define HAVE_STRINGS_H 1
| #define HAVE_INTTYPES_H 1
| #define HAVE_STDINT_H 1
| #define HAVE_UNISTD_H 1
| #define __EXTENSIONS__ 1
| #define _ALL_SOURCE 1
| #define _GNU_SOURCE 1
| #define _POSIX_PTHREAD_SEMANTICS 1
| #define _TANDEM_SOURCE 1
| #define NDEBUG 1
| #define USE_PERFORMANCE 1
| #define VERSION_SVN ""
| #define CONFIG_HOSTNAME "BA"
| #define CONFIG_BUILDSYSTEM "x86_64-unknown-linux-gnu"
| #define TOOL_AWK "\"mawk\""
| #define TOOL_GREP "\"/bin/grep\""
| #define HAVE_MKTEMP 1
| #define HAVE_VFPRINTF 1
| #define HAVE_PTHREAD_PRIO_INHERIT 1
| #define HAVE_PTHREAD 1
| /* end confdefs.h.  */
| 
|              #include <stdbool.h>
|              #ifndef bool
|               "error: bool is not defined"
|              #endif
|              #ifndef false
|               "error: false is not defined"
|              #endif
|              #if false
|               "error: false is not 0"
|              #endif
|              #ifndef true
|               "error: true is not defined"
|              #endif
|              #if true != 1
|               "error: true is not 1"
|              #endif
|              #ifndef __bool_true_false_are_defined
|               "error: __bool_true_false_are_defined is not defined"
|              #endif
| 
|              struct s { _Bool s: 1; _Bool t; } s;
| 
|              char a[true == 1 ? 1 : -1];
|              char b[false == 0 ? 1 : -1];
|              char c[__bool_true_false_are_defined == 1 ? 1 : -1];
|              char d[(bool) 0.5 == true ? 1 : -1];
|              /* See body of main program for 'e'.  */
|              char f[(_Bool) 0.0 == false ? 1 : -1];
|              char g[true];
|              char h[sizeof (_Bool)];
|              char i[sizeof s.t];
|              enum { j = false, k = true, l = false * true, m = true * 256 };
|              /* The following fails for
|                 HP aC++/ANSI C B3910B A.05.55 [Dec 04 2003]. */
|              _Bool n[m];
|              char o[sizeof n == m * sizeof n[0] ? 1 : -1];
|              char p[-1 - (_Bool) 0 < 0 && -1 - (bool) 0 < 0 ? 1 : -1];
|              /* Catch a bug in an HP-UX C compiler.  See
|                 http://gcc.gnu.org/ml/gcc-patches/2003-12/msg02303.html
|                 http://lists.gnu.org/archive/html/bug-coreutils/2005-11/msg00161.html
|               */
|              _Bool q = true;
|              _Bool *pq = &q;
| 
| int
| main ()
| {
| 
|              bool e = &s;
|              *pq |= q;
|              *pq |= ! q;
|              /* Refer to every declared value, to avoid compiler optimizations.  */
|              return (!a + !b + !c + !d + !e + !f + !g + !h + !i + !!j + !k + !!l
|                      + !m + !n + !o + !p + !q + !pq);
| 
|   ;
|   return 0;
| }
configure:6794: result: no
configure:6796: checking for _Bool
configure:6796: g++ -c -D NDEBUG -O4 -Ofast -pthread  conftest.cpp >&5
conftest.cpp: In function 'int main()':
conftest.cpp:73:13: error: '_Bool' was not declared in this scope
 if (sizeof (_Bool))
             ^~~~~
configure:6796: $? = 1
configure: failed program was:
| /* confdefs.h */
| #define PACKAGE_NAME "LoLA"
| #define PACKAGE_TARNAME "lola"
| #define PACKAGE_VERSION "2.0"
| #define PACKAGE_STRING "LoLA 2.0"
| #define PACKAGE_BUGREPORT "lola@service-technology.org"
| #define PACKAGE_URL "http://service-technology.org/lola"
| #define PACKAGE "lola"
| #define VERSION "2.0"
| #define STDC_HEADERS 1
| #define HAVE_SYS_TYPES_H 1
| #define HAVE_SYS_STAT_H 1
| #define HAVE_STDLIB_H 1
| #define HAVE_STRING_H 1
| #define HAVE_MEMORY_H 1
| #define HAVE_STRINGS_H 1
| #define HAVE_INTTYPES_H 1
| #define HAVE_STDINT_H 1
| #define HAVE_UNISTD_H 1
| #define __EXTENSIONS__ 1
| #define _ALL_SOURCE 1
| #define _GNU_SOURCE 1
| #define _POSIX_PTHREAD_SEMANTICS 1
| #define _TANDEM_SOURCE 1
| #define NDEBUG 1
| #define USE_PERFORMANCE 1
| #define VERSION_SVN ""
| #define CONFIG_HOSTNAME "BA"
| #define CONFIG_BUILDSYSTEM "x86_64-unknown-linux-gnu"
| #define TOOL_AWK "\"mawk\""
| #define TOOL_GREP "\"/bin/grep\""
| #define HAVE_MKTEMP 1
| #define HAVE_VFPRINTF 1
| #define HAVE_PTHREAD_PRIO_INHERIT 1
| #define HAVE_PTHREAD 1
| /* end confdefs.h.  */
| #include <stdio.h>
| #ifdef HAVE_SYS_TYPES_H
| # include <sys/types.h>
| #endif
| #ifdef HAVE_SYS_STAT_H
| # include <sys/stat.h>
| #endif
| #ifdef STDC_HEADERS
| # include <stdlib.h>
| # include <stddef.h>
| #else
| # ifdef HAVE_STDLIB_H
| #  include <stdlib.h>
| # endif
| #endif
| #ifdef HAVE_STRING_H
| # if !defined STDC_HEADERS && defined HAVE_MEMORY_H
| #  include <memory.h>
| # endif
| # include <string.h>
| #endif
| #ifdef HAVE_STRINGS_H
| # include <strings.h>
| #endif
| #ifdef HAVE_INTTYPES_H
| # include <inttypes.h>
| #endif
| #ifdef HAVE_STDINT_H
| # include <stdint.h>
| #endif
| #ifdef HAVE_UNISTD_H
| # include <unistd.h>
| #endif
| int
| main ()
| {
| if (sizeof (_Bool))
| 	 return 0;
|   ;
|   return 0;
| }
configure:6796: result: no
configure:6813: checking for inline
configure:6829: g++ -c -D NDEBUG -O4 -Ofast -pthread  conftest.cpp >&5
configure:6829: $? = 0
configure:6837: result: inline
configure:6855: checking for int8_t
configure:6855: g++ -c -D NDEBUG -O4 -Ofast -pthread  conftest.cpp >&5
configure:6855: $? = 0
configure:6855: g++ -c -D NDEBUG -O4 -Ofast -pthread  conftest.cpp >&5
conftest.cpp: In function 'int main()':
conftest.cpp:75:56: error: size of array 'test_array' is negative
    < (int8_t) (((((int8_t) 1 << N) << N) - 1) * 2 + 2))];
                                                        ^
configure:6855: $? = 1
configure: failed program was:
| /* confdefs.h */
| #define PACKAGE_NAME "LoLA"
| #define PACKAGE_TARNAME "lola"
| #define PACKAGE_VERSION "2.0"
| #define PACKAGE_STRING "LoLA 2.0"
| #define PACKAGE_BUGREPORT "lola@service-technology.org"
| #define PACKAGE_URL "http://service-technology.org/lola"
| #define PACKAGE "lola"
| #define VERSION "2.0"
| #define STDC_HEADERS 1
| #define HAVE_SYS_TYPES_H 1
| #define HAVE_SYS_STAT_H 1
| #define HAVE_STDLIB_H 1
| #define HAVE_STRING_H 1
| #define HAVE_MEMORY_H 1
| #define HAVE_STRINGS_H 1
| #define HAVE_INTTYPES_H 1
| #define HAVE_STDINT_H 1
| #define HAVE_UNISTD_H 1
| #define __EXTENSIONS__ 1
| #define _ALL_SOURCE 1
| #define _GNU_SOURCE 1
| #define _POSIX_PTHREAD_SEMANTICS 1
| #define _TANDEM_SOURCE 1
| #define NDEBUG 1
| #define USE_PERFORMANCE 1
| #define VERSION_SVN ""
| #define CONFIG_HOSTNAME "BA"
| #define CONFIG_BUILDSYSTEM "x86_64-unknown-linux-gnu"
| #define TOOL_AWK "\"mawk\""
| #define TOOL_GREP "\"/bin/grep\""
| #define HAVE_MKTEMP 1
| #define HAVE_VFPRINTF 1
| #define HAVE_PTHREAD_PRIO_INHERIT 1
| #define HAVE_PTHREAD 1
| /* end confdefs.h.  */
| #include <stdio.h>
| #ifdef HAVE_SYS_TYPES_H
| # include <sys/types.h>
| #endif
| #ifdef HAVE_SYS_STAT_H
| # include <sys/stat.h>
| #endif
| #ifdef STDC_HEADERS
| # include <stdlib.h>
| # include <stddef.h>
| #else
| # ifdef HAVE_STDLIB_H
| #  include <stdlib.h>
| # endif
| #endif
| #ifdef HAVE_STRING_H
| # if !defined STDC_HEADERS && defined HAVE_MEMORY_H
| #  include <memory.h>
| # endif
| # include <string.h>
| #endif
| #ifdef HAVE_STRINGS_H
| # include <strings.h>
| #endif
| #ifdef HAVE_INTTYPES_H
| # include <inttypes.h>
| #endif
| #ifdef HAVE_STDINT_H
| # include <stdint.h>
| #endif
| #ifdef HAVE_UNISTD_H
| # include <unistd.h>
| #endif
| 	        enum { N = 8 / 2 - 1 };
| int
| main ()
| {
| static int test_array [1 - 2 * !((int8_t) (((((int8_t) 1 << N) << N) - 1) * 2 + 1)
| 		 < (int8_t) (((((int8_t) 1 << N) << N) - 1) * 2 + 2))];
| test_array [0] = 0;
| return test_array [0];
| 
|   ;
|   return 0;
| }
configure:6855: result: yes
configure:6866: checking for int16_t
configure:6866: g++ -c -D NDEBUG -O4 -Ofast -pthread  conftest.cpp >&5
configure:6866: $? = 0
configure:6866: g++ -c -D NDEBUG -O4 -Ofast -pthread  conftest.cpp >&5
conftest.cpp: In function 'int main()':
conftest.cpp:75:58: error: size of array 'test_array' is negative
    < (int16_t) (((((int16_t) 1 << N) << N) - 1) * 2 + 2))];
                                                          ^
configure:6866: $? = 1
configure: failed program was:
| /* confdefs.h */
| #define PACKAGE_NAME "LoLA"
| #define PACKAGE_TARNAME "lola"
| #define PACKAGE_VERSION "2.0"
| #define PACKAGE_STRING "LoLA 2.0"
| #define PACKAGE_BUGREPORT "lola@service-technology.org"
| #define PACKAGE_URL "http://service-technology.org/lola"
| #define PACKAGE "lola"
| #define VERSION "2.0"
| #define STDC_HEADERS 1
| #define HAVE_SYS_TYPES_H 1
| #define HAVE_SYS_STAT_H 1
| #define HAVE_STDLIB_H 1
| #define HAVE_STRING_H 1
| #define HAVE_MEMORY_H 1
| #define HAVE_STRINGS_H 1
| #define HAVE_INTTYPES_H 1
| #define HAVE_STDINT_H 1
| #define HAVE_UNISTD_H 1
| #define __EXTENSIONS__ 1
| #define _ALL_SOURCE 1
| #define _GNU_SOURCE 1
| #define _POSIX_PTHREAD_SEMANTICS 1
| #define _TANDEM_SOURCE 1
| #define NDEBUG 1
| #define USE_PERFORMANCE 1
| #define VERSION_SVN ""
| #define CONFIG_HOSTNAME "BA"
| #define CONFIG_BUILDSYSTEM "x86_64-unknown-linux-gnu"
| #define TOOL_AWK "\"mawk\""
| #define TOOL_GREP "\"/bin/grep\""
| #define HAVE_MKTEMP 1
| #define HAVE_VFPRINTF 1
| #define HAVE_PTHREAD_PRIO_INHERIT 1
| #define HAVE_PTHREAD 1
| /* end confdefs.h.  */
| #include <stdio.h>
| #ifdef HAVE_SYS_TYPES_H
| # include <sys/types.h>
| #endif
| #ifdef HAVE_SYS_STAT_H
| # include <sys/stat.h>
| #endif
| #ifdef STDC_HEADERS
| # include <stdlib.h>
| # include <stddef.h>
| #else
| # ifdef HAVE_STDLIB_H
| #  include <stdlib.h>
| # endif
| #endif
| #ifdef HAVE_STRING_H
| # if !defined STDC_HEADERS && defined HAVE_MEMORY_H
| #  include <memory.h>
| # endif
| # include <string.h>
| #endif
| #ifdef HAVE_STRINGS_H
| # include <strings.h>
| #endif
| #ifdef HAVE_INTTYPES_H
| # include <inttypes.h>
| #endif
| #ifdef HAVE_STDINT_H
| # include <stdint.h>
| #endif
| #ifdef HAVE_UNISTD_H
| # include <unistd.h>
| #endif
| 	        enum { N = 16 / 2 - 1 };
| int
| main ()
| {
| static int test_array [1 - 2 * !((int16_t) (((((int16_t) 1 << N) << N) - 1) * 2 + 1)
| 		 < (int16_t) (((((int16_t) 1 << N) << N) - 1) * 2 + 2))];
| test_array [0] = 0;
| return test_array [0];
| 
|   ;
|   return 0;
| }
configure:6866: result: yes
configure:6877: checking for int32_t
configure:6877: g++ -c -D NDEBUG -O4 -Ofast -pthread  conftest.cpp >&5
configure:6877: $? = 0
configure:6877: g++ -c -D NDEBUG -O4 -Ofast -pthread  conftest.cpp >&5
conftest.cpp: In function 'int main()':
conftest.cpp:75:53: warning: integer overflow in expression [-Woverflow]
    < (int32_t) (((((int32_t) 1 << N) << N) - 1) * 2 + 2))];
                 ~~~~~~~~~~~~~~~~~~~~~~~~~~~~~~~~~~~~^~~
conftest.cpp:75:58: error: size of array 'test_array' is negative
    < (int32_t) (((((int32_t) 1 << N) << N) - 1) * 2 + 2))];
                                                          ^
configure:6877: $? = 1
configure: failed program was:
| /* confdefs.h */
| #define PACKAGE_NAME "LoLA"
| #define PACKAGE_TARNAME "lola"
| #define PACKAGE_VERSION "2.0"
| #define PACKAGE_STRING "LoLA 2.0"
| #define PACKAGE_BUGREPORT "lola@service-technology.org"
| #define PACKAGE_URL "http://service-technology.org/lola"
| #define PACKAGE "lola"
| #define VERSION "2.0"
| #define STDC_HEADERS 1
| #define HAVE_SYS_TYPES_H 1
| #define HAVE_SYS_STAT_H 1
| #define HAVE_STDLIB_H 1
| #define HAVE_STRING_H 1
| #define HAVE_MEMORY_H 1
| #define HAVE_STRINGS_H 1
| #define HAVE_INTTYPES_H 1
| #define HAVE_STDINT_H 1
| #define HAVE_UNISTD_H 1
| #define __EXTENSIONS__ 1
| #define _ALL_SOURCE 1
| #define _GNU_SOURCE 1
| #define _POSIX_PTHREAD_SEMANTICS 1
| #define _TANDEM_SOURCE 1
| #define NDEBUG 1
| #define USE_PERFORMANCE 1
| #define VERSION_SVN ""
| #define CONFIG_HOSTNAME "BA"
| #define CONFIG_BUILDSYSTEM "x86_64-unknown-linux-gnu"
| #define TOOL_AWK "\"mawk\""
| #define TOOL_GREP "\"/bin/grep\""
| #define HAVE_MKTEMP 1
| #define HAVE_VFPRINTF 1
| #define HAVE_PTHREAD_PRIO_INHERIT 1
| #define HAVE_PTHREAD 1
| /* end confdefs.h.  */
| #include <stdio.h>
| #ifdef HAVE_SYS_TYPES_H
| # include <sys/types.h>
| #endif
| #ifdef HAVE_SYS_STAT_H
| # include <sys/stat.h>
| #endif
| #ifdef STDC_HEADERS
| # include <stdlib.h>
| # include <stddef.h>
| #else
| # ifdef HAVE_STDLIB_H
| #  include <stdlib.h>
| # endif
| #endif
| #ifdef HAVE_STRING_H
| # if !defined STDC_HEADERS && defined HAVE_MEMORY_H
| #  include <memory.h>
| # endif
| # include <string.h>
| #endif
| #ifdef HAVE_STRINGS_H
| # include <strings.h>
| #endif
| #ifdef HAVE_INTTYPES_H
| # include <inttypes.h>
| #endif
| #ifdef HAVE_STDINT_H
| # include <stdint.h>
| #endif
| #ifdef HAVE_UNISTD_H
| # include <unistd.h>
| #endif
| 	        enum { N = 32 / 2 - 1 };
| int
| main ()
| {
| static int test_array [1 - 2 * !((int32_t) (((((int32_t) 1 << N) << N) - 1) * 2 + 1)
| 		 < (int32_t) (((((int32_t) 1 << N) << N) - 1) * 2 + 2))];
| test_array [0] = 0;
| return test_array [0];
| 
|   ;
|   return 0;
| }
configure:6877: result: yes
configure:6888: checking for int64_t
configure:6888: g++ -c -D NDEBUG -O4 -Ofast -pthread  conftest.cpp >&5
configure:6888: $? = 0
configure:6888: g++ -c -D NDEBUG -O4 -Ofast -pthread  conftest.cpp >&5
conftest.cpp: In function 'int main()':
conftest.cpp:75:53: warning: integer overflow in expression [-Woverflow]
    < (int64_t) (((((int64_t) 1 << N) << N) - 1) * 2 + 2))];
                 ~~~~~~~~~~~~~~~~~~~~~~~~~~~~~~~~~~~~^~~
conftest.cpp:75:58: error: size of array 'test_array' is negative
    < (int64_t) (((((int64_t) 1 << N) << N) - 1) * 2 + 2))];
                                                          ^
configure:6888: $? = 1
configure: failed program was:
| /* confdefs.h */
| #define PACKAGE_NAME "LoLA"
| #define PACKAGE_TARNAME "lola"
| #define PACKAGE_VERSION "2.0"
| #define PACKAGE_STRING "LoLA 2.0"
| #define PACKAGE_BUGREPORT "lola@service-technology.org"
| #define PACKAGE_URL "http://service-technology.org/lola"
| #define PACKAGE "lola"
| #define VERSION "2.0"
| #define STDC_HEADERS 1
| #define HAVE_SYS_TYPES_H 1
| #define HAVE_SYS_STAT_H 1
| #define HAVE_STDLIB_H 1
| #define HAVE_STRING_H 1
| #define HAVE_MEMORY_H 1
| #define HAVE_STRINGS_H 1
| #define HAVE_INTTYPES_H 1
| #define HAVE_STDINT_H 1
| #define HAVE_UNISTD_H 1
| #define __EXTENSIONS__ 1
| #define _ALL_SOURCE 1
| #define _GNU_SOURCE 1
| #define _POSIX_PTHREAD_SEMANTICS 1
| #define _TANDEM_SOURCE 1
| #define NDEBUG 1
| #define USE_PERFORMANCE 1
| #define VERSION_SVN ""
| #define CONFIG_HOSTNAME "BA"
| #define CONFIG_BUILDSYSTEM "x86_64-unknown-linux-gnu"
| #define TOOL_AWK "\"mawk\""
| #define TOOL_GREP "\"/bin/grep\""
| #define HAVE_MKTEMP 1
| #define HAVE_VFPRINTF 1
| #define HAVE_PTHREAD_PRIO_INHERIT 1
| #define HAVE_PTHREAD 1
| /* end confdefs.h.  */
| #include <stdio.h>
| #ifdef HAVE_SYS_TYPES_H
| # include <sys/types.h>
| #endif
| #ifdef HAVE_SYS_STAT_H
| # include <sys/stat.h>
| #endif
| #ifdef STDC_HEADERS
| # include <stdlib.h>
| # include <stddef.h>
| #else
| # ifdef HAVE_STDLIB_H
| #  include <stdlib.h>
| # endif
| #endif
| #ifdef HAVE_STRING_H
| # if !defined STDC_HEADERS && defined HAVE_MEMORY_H
| #  include <memory.h>
| # endif
| # include <string.h>
| #endif
| #ifdef HAVE_STRINGS_H
| # include <strings.h>
| #endif
| #ifdef HAVE_INTTYPES_H
| # include <inttypes.h>
| #endif
| #ifdef HAVE_STDINT_H
| # include <stdint.h>
| #endif
| #ifdef HAVE_UNISTD_H
| # include <unistd.h>
| #endif
| 	        enum { N = 64 / 2 - 1 };
| int
| main ()
| {
| static int test_array [1 - 2 * !((int64_t) (((((int64_t) 1 << N) << N) - 1) * 2 + 1)
| 		 < (int64_t) (((((int64_t) 1 << N) << N) - 1) * 2 + 2))];
| test_array [0] = 0;
| return test_array [0];
| 
|   ;
|   return 0;
| }
configure:6888: result: yes
configure:6899: checking for size_t
configure:6899: g++ -c -D NDEBUG -O4 -Ofast -pthread  conftest.cpp >&5
configure:6899: $? = 0
configure:6899: g++ -c -D NDEBUG -O4 -Ofast -pthread  conftest.cpp >&5
conftest.cpp: In function 'int main()':
conftest.cpp:73:20: error: expected primary-expression before ')' token
 if (sizeof ((size_t)))
                    ^
configure:6899: $? = 1
configure: failed program was:
| /* confdefs.h */
| #define PACKAGE_NAME "LoLA"
| #define PACKAGE_TARNAME "lola"
| #define PACKAGE_VERSION "2.0"
| #define PACKAGE_STRING "LoLA 2.0"
| #define PACKAGE_BUGREPORT "lola@service-technology.org"
| #define PACKAGE_URL "http://service-technology.org/lola"
| #define PACKAGE "lola"
| #define VERSION "2.0"
| #define STDC_HEADERS 1
| #define HAVE_SYS_TYPES_H 1
| #define HAVE_SYS_STAT_H 1
| #define HAVE_STDLIB_H 1
| #define HAVE_STRING_H 1
| #define HAVE_MEMORY_H 1
| #define HAVE_STRINGS_H 1
| #define HAVE_INTTYPES_H 1
| #define HAVE_STDINT_H 1
| #define HAVE_UNISTD_H 1
| #define __EXTENSIONS__ 1
| #define _ALL_SOURCE 1
| #define _GNU_SOURCE 1
| #define _POSIX_PTHREAD_SEMANTICS 1
| #define _TANDEM_SOURCE 1
| #define NDEBUG 1
| #define USE_PERFORMANCE 1
| #define VERSION_SVN ""
| #define CONFIG_HOSTNAME "BA"
| #define CONFIG_BUILDSYSTEM "x86_64-unknown-linux-gnu"
| #define TOOL_AWK "\"mawk\""
| #define TOOL_GREP "\"/bin/grep\""
| #define HAVE_MKTEMP 1
| #define HAVE_VFPRINTF 1
| #define HAVE_PTHREAD_PRIO_INHERIT 1
| #define HAVE_PTHREAD 1
| /* end confdefs.h.  */
| #include <stdio.h>
| #ifdef HAVE_SYS_TYPES_H
| # include <sys/types.h>
| #endif
| #ifdef HAVE_SYS_STAT_H
| # include <sys/stat.h>
| #endif
| #ifdef STDC_HEADERS
| # include <stdlib.h>
| # include <stddef.h>
| #else
| # ifdef HAVE_STDLIB_H
| #  include <stdlib.h>
| # endif
| #endif
| #ifdef HAVE_STRING_H
| # if !defined STDC_HEADERS && defined HAVE_MEMORY_H
| #  include <memory.h>
| # endif
| # include <string.h>
| #endif
| #ifdef HAVE_STRINGS_H
| # include <strings.h>
| #endif
| #ifdef HAVE_INTTYPES_H
| # include <inttypes.h>
| #endif
| #ifdef HAVE_STDINT_H
| # include <stdint.h>
| #endif
| #ifdef HAVE_UNISTD_H
| # include <unistd.h>
| #endif
| int
| main ()
| {
| if (sizeof ((size_t)))
| 	    return 0;
|   ;
|   return 0;
| }
configure:6899: result: yes
configure:6910: checking for ssize_t
configure:6910: g++ -c -D NDEBUG -O4 -Ofast -pthread  conftest.cpp >&5
configure:6910: $? = 0
configure:6910: g++ -c -D NDEBUG -O4 -Ofast -pthread  conftest.cpp >&5
conftest.cpp: In function 'int main()':
conftest.cpp:73:21: error: expected primary-expression before ')' token
 if (sizeof ((ssize_t)))
                     ^
configure:6910: $? = 1
configure: failed program was:
| /* confdefs.h */
| #define PACKAGE_NAME "LoLA"
| #define PACKAGE_TARNAME "lola"
| #define PACKAGE_VERSION "2.0"
| #define PACKAGE_STRING "LoLA 2.0"
| #define PACKAGE_BUGREPORT "lola@service-technology.org"
| #define PACKAGE_URL "http://service-technology.org/lola"
| #define PACKAGE "lola"
| #define VERSION "2.0"
| #define STDC_HEADERS 1
| #define HAVE_SYS_TYPES_H 1
| #define HAVE_SYS_STAT_H 1
| #define HAVE_STDLIB_H 1
| #define HAVE_STRING_H 1
| #define HAVE_MEMORY_H 1
| #define HAVE_STRINGS_H 1
| #define HAVE_INTTYPES_H 1
| #define HAVE_STDINT_H 1
| #define HAVE_UNISTD_H 1
| #define __EXTENSIONS__ 1
| #define _ALL_SOURCE 1
| #define _GNU_SOURCE 1
| #define _POSIX_PTHREAD_SEMANTICS 1
| #define _TANDEM_SOURCE 1
| #define NDEBUG 1
| #define USE_PERFORMANCE 1
| #define VERSION_SVN ""
| #define CONFIG_HOSTNAME "BA"
| #define CONFIG_BUILDSYSTEM "x86_64-unknown-linux-gnu"
| #define TOOL_AWK "\"mawk\""
| #define TOOL_GREP "\"/bin/grep\""
| #define HAVE_MKTEMP 1
| #define HAVE_VFPRINTF 1
| #define HAVE_PTHREAD_PRIO_INHERIT 1
| #define HAVE_PTHREAD 1
| /* end confdefs.h.  */
| #include <stdio.h>
| #ifdef HAVE_SYS_TYPES_H
| # include <sys/types.h>
| #endif
| #ifdef HAVE_SYS_STAT_H
| # include <sys/stat.h>
| #endif
| #ifdef STDC_HEADERS
| # include <stdlib.h>
| # include <stddef.h>
| #else
| # ifdef HAVE_STDLIB_H
| #  include <stdlib.h>
| # endif
| #endif
| #ifdef HAVE_STRING_H
| # if !defined STDC_HEADERS && defined HAVE_MEMORY_H
| #  include <memory.h>
| # endif
| # include <string.h>
| #endif
| #ifdef HAVE_STRINGS_H
| # include <strings.h>
| #endif
| #ifdef HAVE_INTTYPES_H
| # include <inttypes.h>
| #endif
| #ifdef HAVE_STDINT_H
| # include <stdint.h>
| #endif
| #ifdef HAVE_UNISTD_H
| # include <unistd.h>
| #endif
| int
| main ()
| {
| if (sizeof ((ssize_t)))
| 	    return 0;
|   ;
|   return 0;
| }
configure:6910: result: yes
configure:6921: checking for uint8_t
configure:6921: g++ -c -D NDEBUG -O4 -Ofast -pthread  conftest.cpp >&5
configure:6921: $? = 0
configure:6921: result: yes
configure:6935: checking for uint16_t
configure:6935: g++ -c -D NDEBUG -O4 -Ofast -pthread  conftest.cpp >&5
configure:6935: $? = 0
configure:6935: result: yes
configure:6947: checking for uint32_t
configure:6947: g++ -c -D NDEBUG -O4 -Ofast -pthread  conftest.cpp >&5
configure:6947: $? = 0
configure:6947: result: yes
configure:6961: checking for uint64_t
configure:6961: g++ -c -D NDEBUG -O4 -Ofast -pthread  conftest.cpp >&5
configure:6961: $? = 0
configure:6961: result: yes
configure:6980: checking size of void*
configure:6985: g++ -o conftest -D NDEBUG -O4 -Ofast -pthread   conftest.cpp   >&5
configure:6985: $? = 0
configure:6985: ./conftest
configure:6985: $? = 0
configure:6999: result: 8
configure:7013: checking size of int
configure:7018: g++ -o conftest -D NDEBUG -O4 -Ofast -pthread   conftest.cpp   >&5
configure:7018: $? = 0
configure:7018: ./conftest
configure:7018: $? = 0
configure:7032: result: 4
configure:7046: checking size of char
configure:7051: g++ -o conftest -D NDEBUG -O4 -Ofast -pthread   conftest.cpp   >&5
configure:7051: $? = 0
configure:7051: ./conftest
configure:7051: $? = 0
configure:7065: result: 1
configure:7079: checking size of int64_t
configure:7084: g++ -o conftest -D NDEBUG -O4 -Ofast -pthread   conftest.cpp   >&5
configure:7084: $? = 0
configure:7084: ./conftest
configure:7084: $? = 0
configure:7098: result: 8
configure:7119: checking size of arrayindex_t
configure:7124: g++ -o conftest -D NDEBUG -O4 -Ofast -pthread   conftest.cpp   >&5
configure:7124: $? = 0
configure:7124: ./conftest
configure:7124: $? = 0
configure:7140: result: 4
configure:7154: checking size of mult_t
configure:7159: g++ -o conftest -D NDEBUG -O4 -Ofast -pthread   conftest.cpp   >&5
configure:7159: $? = 0
configure:7159: ./conftest
configure:7159: $? = 0
configure:7175: result: 2
configure:7189: checking size of capacity_t
configure:7194: g++ -o conftest -D NDEBUG -O4 -Ofast -pthread   conftest.cpp   >&5
configure:7194: $? = 0
configure:7194: ./conftest
configure:7194: $? = 0
configure:7210: result: 4
configure:7224: checking size of cardbit_t
configure:7229: g++ -o conftest -D NDEBUG -O4 -Ofast -pthread   conftest.cpp   >&5
configure:7229: $? = 0
configure:7229: ./conftest
configure:7229: $? = 0
configure:7245: result: 1
configure:7259: checking size of hash_t
configure:7264: g++ -o conftest -D NDEBUG -O4 -Ofast -pthread   conftest.cpp   >&5
configure:7264: $? = 0
configure:7264: ./conftest
configure:7264: $? = 0
configure:7280: result: 8
configure:7294: checking size of fairnessAssumption_t
configure:7299: g++ -o conftest -D NDEBUG -O4 -Ofast -pthread   conftest.cpp   >&5
configure:7299: $? = 0
configure:7299: ./conftest
configure:7299: $? = 0
configure:7315: result: 4
configure:7329: checking size of vectordata_t
configure:7334: g++ -o conftest -D NDEBUG -O4 -Ofast -pthread   conftest.cpp   >&5
configure:7334: $? = 0
configure:7334: ./conftest
configure:7334: $? = 0
configure:7350: result: 4
configure:7364: checking size of statenumber_t
configure:7369: g++ -o conftest -D NDEBUG -O4 -Ofast -pthread   conftest.cpp   >&5
configure:7369: $? = 0
configure:7369: ./conftest
configure:7369: $? = 0
configure:7385: result: 4
configure:7399: checking size of sockaddr_in
configure:7404: g++ -o conftest -D NDEBUG -O4 -Ofast -pthread   conftest.cpp   >&5
configure:7404: $? = 0
configure:7404: ./conftest
configure:7404: $? = 0
configure:7432: result: 16
configure:7447: checking size of bool
configure:7452: g++ -o conftest -D NDEBUG -O4 -Ofast -pthread   conftest.cpp   >&5
configure:7452: $? = 0
configure:7452: ./conftest
configure:7452: $? = 0
configure:7466: result: 1
configure:7489: checking how to run the C++ preprocessor
configure:7516: g++ -E  conftest.cpp
configure:7516: $? = 0
configure:7530: g++ -E  conftest.cpp
conftest.cpp:51:28: fatal error: ac_nonexistent.h: No such file or directory
 #include <ac_nonexistent.h>
                            ^
compilation terminated.
configure:7530: $? = 1
configure: failed program was:
| /* confdefs.h */
| #define PACKAGE_NAME "LoLA"
| #define PACKAGE_TARNAME "lola"
| #define PACKAGE_VERSION "2.0"
| #define PACKAGE_STRING "LoLA 2.0"
| #define PACKAGE_BUGREPORT "lola@service-technology.org"
| #define PACKAGE_URL "http://service-technology.org/lola"
| #define PACKAGE "lola"
| #define VERSION "2.0"
| #define STDC_HEADERS 1
| #define HAVE_SYS_TYPES_H 1
| #define HAVE_SYS_STAT_H 1
| #define HAVE_STDLIB_H 1
| #define HAVE_STRING_H 1
| #define HAVE_MEMORY_H 1
| #define HAVE_STRINGS_H 1
| #define HAVE_INTTYPES_H 1
| #define HAVE_STDINT_H 1
| #define HAVE_UNISTD_H 1
| #define __EXTENSIONS__ 1
| #define _ALL_SOURCE 1
| #define _GNU_SOURCE 1
| #define _POSIX_PTHREAD_SEMANTICS 1
| #define _TANDEM_SOURCE 1
| #define NDEBUG 1
| #define USE_PERFORMANCE 1
| #define VERSION_SVN ""
| #define CONFIG_HOSTNAME "BA"
| #define CONFIG_BUILDSYSTEM "x86_64-unknown-linux-gnu"
| #define TOOL_AWK "\"mawk\""
| #define TOOL_GREP "\"/bin/grep\""
| #define HAVE_MKTEMP 1
| #define HAVE_VFPRINTF 1
| #define HAVE_PTHREAD_PRIO_INHERIT 1
| #define HAVE_PTHREAD 1
| #define SIZEOF_VOIDP 8
| #define SIZEOF_INT 4
| #define SIZEOF_CHAR 1
| #define SIZEOF_INT64_T 8
| #define SIZEOF_ARRAYINDEX_T 4
| #define SIZEOF_MULT_T 2
| #define SIZEOF_CAPACITY_T 4
| #define SIZEOF_CARDBIT_T 1
| #define SIZEOF_HASH_T 8
| #define SIZEOF_FAIRNESSASSUMPTION_T 4
| #define SIZEOF_VECTORDATA_T 4
| #define SIZEOF_STATENUMBER_T 4
| #define SIZEOF_SOCKADDR_IN 16
| #define SIZEOF_BOOL 1
| /* end confdefs.h.  */
| #include <ac_nonexistent.h>
configure:7555: result: g++ -E
configure:7575: g++ -E  conftest.cpp
configure:7575: $? = 0
configure:7589: g++ -E  conftest.cpp
conftest.cpp:51:28: fatal error: ac_nonexistent.h: No such file or directory
 #include <ac_nonexistent.h>
                            ^
compilation terminated.
configure:7589: $? = 1
configure: failed program was:
| /* confdefs.h */
| #define PACKAGE_NAME "LoLA"
| #define PACKAGE_TARNAME "lola"
| #define PACKAGE_VERSION "2.0"
| #define PACKAGE_STRING "LoLA 2.0"
| #define PACKAGE_BUGREPORT "lola@service-technology.org"
| #define PACKAGE_URL "http://service-technology.org/lola"
| #define PACKAGE "lola"
| #define VERSION "2.0"
| #define STDC_HEADERS 1
| #define HAVE_SYS_TYPES_H 1
| #define HAVE_SYS_STAT_H 1
| #define HAVE_STDLIB_H 1
| #define HAVE_STRING_H 1
| #define HAVE_MEMORY_H 1
| #define HAVE_STRINGS_H 1
| #define HAVE_INTTYPES_H 1
| #define HAVE_STDINT_H 1
| #define HAVE_UNISTD_H 1
| #define __EXTENSIONS__ 1
| #define _ALL_SOURCE 1
| #define _GNU_SOURCE 1
| #define _POSIX_PTHREAD_SEMANTICS 1
| #define _TANDEM_SOURCE 1
| #define NDEBUG 1
| #define USE_PERFORMANCE 1
| #define VERSION_SVN ""
| #define CONFIG_HOSTNAME "BA"
| #define CONFIG_BUILDSYSTEM "x86_64-unknown-linux-gnu"
| #define TOOL_AWK "\"mawk\""
| #define TOOL_GREP "\"/bin/grep\""
| #define HAVE_MKTEMP 1
| #define HAVE_VFPRINTF 1
| #define HAVE_PTHREAD_PRIO_INHERIT 1
| #define HAVE_PTHREAD 1
| #define SIZEOF_VOIDP 8
| #define SIZEOF_INT 4
| #define SIZEOF_CHAR 1
| #define SIZEOF_INT64_T 8
| #define SIZEOF_ARRAYINDEX_T 4
| #define SIZEOF_MULT_T 2
| #define SIZEOF_CAPACITY_T 4
| #define SIZEOF_CARDBIT_T 1
| #define SIZEOF_HASH_T 8
| #define SIZEOF_FAIRNESSASSUMPTION_T 4
| #define SIZEOF_VECTORDATA_T 4
| #define SIZEOF_STATENUMBER_T 4
| #define SIZEOF_SOCKADDR_IN 16
| #define SIZEOF_BOOL 1
| /* end confdefs.h.  */
| #include <ac_nonexistent.h>
configure:7620: checking for working alloca.h
configure:7637: g++ -o conftest -D NDEBUG -O4 -Ofast -pthread   conftest.cpp   >&5
configure:7637: $? = 0
configure:7645: result: yes
configure:7653: checking for alloca
configure:7690: g++ -o conftest -D NDEBUG -O4 -Ofast -pthread   conftest.cpp   >&5
configure:7690: $? = 0
configure:7698: result: yes
configure:7807: checking arpa/inet.h usability
configure:7807: g++ -c -D NDEBUG -O4 -Ofast -pthread  conftest.cpp >&5
configure:7807: $? = 0
configure:7807: result: yes
configure:7807: checking arpa/inet.h presence
configure:7807: g++ -E  conftest.cpp
configure:7807: $? = 0
configure:7807: result: yes
configure:7807: checking for arpa/inet.h
configure:7807: result: yes
configure:7807: checking for inttypes.h
configure:7807: result: yes
configure:7807: checking libintl.h usability
configure:7807: g++ -c -D NDEBUG -O4 -Ofast -pthread  conftest.cpp >&5
configure:7807: $? = 0
configure:7807: result: yes
configure:7807: checking libintl.h presence
configure:7807: g++ -E  conftest.cpp
configure:7807: $? = 0
configure:7807: result: yes
configure:7807: checking for libintl.h
configure:7807: result: yes
configure:7807: checking malloc.h usability
configure:7807: g++ -c -D NDEBUG -O4 -Ofast -pthread  conftest.cpp >&5
configure:7807: $? = 0
configure:7807: result: yes
configure:7807: checking malloc.h presence
configure:7807: g++ -E  conftest.cpp
configure:7807: $? = 0
configure:7807: result: yes
configure:7807: checking for malloc.h
configure:7807: result: yes
configure:7807: checking netinet/in.h usability
configure:7807: g++ -c -D NDEBUG -O4 -Ofast -pthread  conftest.cpp >&5
configure:7807: $? = 0
configure:7807: result: yes
configure:7807: checking netinet/in.h presence
configure:7807: g++ -E  conftest.cpp
configure:7807: $? = 0
configure:7807: result: yes
configure:7807: checking for netinet/in.h
configure:7807: result: yes
configure:7807: checking stddef.h usability
configure:7807: g++ -c -D NDEBUG -O4 -Ofast -pthread  conftest.cpp >&5
configure:7807: $? = 0
configure:7807: result: yes
configure:7807: checking stddef.h presence
configure:7807: g++ -E  conftest.cpp
configure:7807: $? = 0
configure:7807: result: yes
configure:7807: checking for stddef.h
configure:7807: result: yes
configure:7807: checking for stdlib.h
configure:7807: result: yes
configure:7807: checking for string.h
configure:7807: result: yes
configure:7807: checking sys/socket.h usability
configure:7807: g++ -c -D NDEBUG -O4 -Ofast -pthread  conftest.cpp >&5
configure:7807: $? = 0
configure:7807: result: yes
configure:7807: checking sys/socket.h presence
configure:7807: g++ -E  conftest.cpp
configure:7807: $? = 0
configure:7807: result: yes
configure:7807: checking for sys/socket.h
configure:7807: result: yes
configure:7807: checking for unistd.h
configure:7807: result: yes
configure:7807: checking limits.h usability
configure:7807: g++ -c -D NDEBUG -O4 -Ofast -pthread  conftest.cpp >&5
configure:7807: $? = 0
configure:7807: result: yes
configure:7807: checking limits.h presence
configure:7807: g++ -E  conftest.cpp
configure:7807: $? = 0
configure:7807: result: yes
configure:7807: checking for limits.h
configure:7807: result: yes
configure:7807: checking netdb.h usability
configure:7807: g++ -c -D NDEBUG -O4 -Ofast -pthread  conftest.cpp >&5
configure:7807: $? = 0
configure:7807: result: yes
configure:7807: checking netdb.h presence
configure:7807: g++ -E  conftest.cpp
configure:7807: $? = 0
configure:7807: result: yes
configure:7807: checking for netdb.h
configure:7807: result: yes
configure:7807: checking sys/time.h usability
configure:7807: g++ -c -D NDEBUG -O4 -Ofast -pthread  conftest.cpp >&5
configure:7807: $? = 0
configure:7807: result: yes
configure:7807: checking sys/time.h presence
configure:7807: g++ -E  conftest.cpp
configure:7807: $? = 0
configure:7807: result: yes
configure:7807: checking for sys/time.h
configure:7807: result: yes
configure:7807: checking fcntl.h usability
configure:7807: g++ -c -D NDEBUG -O4 -Ofast -pthread  conftest.cpp >&5
configure:7807: $? = 0
configure:7807: result: yes
configure:7807: checking fcntl.h presence
configure:7807: g++ -E  conftest.cpp
configure:7807: $? = 0
configure:7807: result: yes
configure:7807: checking for fcntl.h
configure:7807: result: yes
configure:7819: checking for error_at_line
configure:7835: g++ -o conftest -D NDEBUG -O4 -Ofast -pthread   conftest.cpp   >&5
configure:7835: $? = 0
configure:7843: result: yes
configure:7856: checking for stdlib.h
configure:7856: result: yes
configure:7866: checking for GNU libc compatible malloc
configure:7890: g++ -o conftest -D NDEBUG -O4 -Ofast -pthread   conftest.cpp   >&5
configure:7890: $? = 0
configure:7890: ./conftest
configure:7890: $? = 0
configure:7900: result: yes
configure:7923: checking for stdlib.h
configure:7923: result: yes
configure:7933: checking for GNU libc compatible realloc
configure:7957: g++ -o conftest -D NDEBUG -O4 -Ofast -pthread   conftest.cpp   >&5
configure:7957: $? = 0
configure:7957: ./conftest
configure:7957: $? = 0
configure:7967: result: yes
configure:7990: checking for vprintf
configure:7990: g++ -o conftest -D NDEBUG -O4 -Ofast -pthread   conftest.cpp   >&5
configure:7990: $? = 0
configure:7990: result: yes
configure:7996: checking for _doprnt
configure:7996: g++ -o conftest -D NDEBUG -O4 -Ofast -pthread   conftest.cpp   >&5
/tmp/ccKieRix.o: In function `main':
conftest.cpp:(.text.startup+0x5): undefined reference to `_doprnt'
collect2: error: ld returned 1 exit status
configure:7996: $? = 1
configure: failed program was:
| /* confdefs.h */
| #define PACKAGE_NAME "LoLA"
| #define PACKAGE_TARNAME "lola"
| #define PACKAGE_VERSION "2.0"
| #define PACKAGE_STRING "LoLA 2.0"
| #define PACKAGE_BUGREPORT "lola@service-technology.org"
| #define PACKAGE_URL "http://service-technology.org/lola"
| #define PACKAGE "lola"
| #define VERSION "2.0"
| #define STDC_HEADERS 1
| #define HAVE_SYS_TYPES_H 1
| #define HAVE_SYS_STAT_H 1
| #define HAVE_STDLIB_H 1
| #define HAVE_STRING_H 1
| #define HAVE_MEMORY_H 1
| #define HAVE_STRINGS_H 1
| #define HAVE_INTTYPES_H 1
| #define HAVE_STDINT_H 1
| #define HAVE_UNISTD_H 1
| #define __EXTENSIONS__ 1
| #define _ALL_SOURCE 1
| #define _GNU_SOURCE 1
| #define _POSIX_PTHREAD_SEMANTICS 1
| #define _TANDEM_SOURCE 1
| #define NDEBUG 1
| #define USE_PERFORMANCE 1
| #define VERSION_SVN ""
| #define CONFIG_HOSTNAME "BA"
| #define CONFIG_BUILDSYSTEM "x86_64-unknown-linux-gnu"
| #define TOOL_AWK "\"mawk\""
| #define TOOL_GREP "\"/bin/grep\""
| #define HAVE_MKTEMP 1
| #define HAVE_VFPRINTF 1
| #define HAVE_PTHREAD_PRIO_INHERIT 1
| #define HAVE_PTHREAD 1
| #define SIZEOF_VOIDP 8
| #define SIZEOF_INT 4
| #define SIZEOF_CHAR 1
| #define SIZEOF_INT64_T 8
| #define SIZEOF_ARRAYINDEX_T 4
| #define SIZEOF_MULT_T 2
| #define SIZEOF_CAPACITY_T 4
| #define SIZEOF_CARDBIT_T 1
| #define SIZEOF_HASH_T 8
| #define SIZEOF_FAIRNESSASSUMPTION_T 4
| #define SIZEOF_VECTORDATA_T 4
| #define SIZEOF_STATENUMBER_T 4
| #define SIZEOF_SOCKADDR_IN 16
| #define SIZEOF_BOOL 1
| #define HAVE_ALLOCA_H 1
| #define HAVE_ALLOCA 1
| #define HAVE_ARPA_INET_H 1
| #define HAVE_INTTYPES_H 1
| #define HAVE_LIBINTL_H 1
| #define HAVE_MALLOC_H 1
| #define HAVE_NETINET_IN_H 1
| #define HAVE_STDDEF_H 1
| #define HAVE_STDLIB_H 1
| #define HAVE_STRING_H 1
| #define HAVE_SYS_SOCKET_H 1
| #define HAVE_UNISTD_H 1
| #define HAVE_LIMITS_H 1
| #define HAVE_NETDB_H 1
| #define HAVE_SYS_TIME_H 1
| #define HAVE_FCNTL_H 1
| #define HAVE_STDLIB_H 1
| #define HAVE_MALLOC 1
| #define HAVE_STDLIB_H 1
| #define HAVE_REALLOC 1
| #define HAVE_VPRINTF 1
| /* end confdefs.h.  */
| /* Define _doprnt to an innocuous variant, in case <limits.h> declares _doprnt.
|    For example, HP-UX 11i <limits.h> declares gettimeofday.  */
| #define _doprnt innocuous__doprnt
| 
| /* System header to define __stub macros and hopefully few prototypes,
|     which can conflict with char _doprnt (); below.
|     Prefer <limits.h> to <assert.h> if __STDC__ is defined, since
|     <limits.h> exists even on freestanding compilers.  */
| 
| #ifdef __STDC__
| # include <limits.h>
| #else
| # include <assert.h>
| #endif
| 
| #undef _doprnt
| 
| /* Override any GCC internal prototype to avoid an error.
|    Use char because int might match the return type of a GCC
|    builtin and then its argument prototype would still apply.  */
| #ifdef __cplusplus
| extern "C"
| #endif
| char _doprnt ();
| /* The GNU C library defines this for functions which it implements
|     to always fail with ENOSYS.  Some functions are actually named
|     something starting with __ and the normal name is an alias.  */
| #if defined __stub__doprnt || defined __stub____doprnt
| choke me
| #endif
| 
| int
| main ()
| {
| return _doprnt ();
|   ;
|   return 0;
| }
configure:7996: result: no
configure:8011: checking for asprintf
configure:8011: g++ -o conftest -D NDEBUG -O4 -Ofast -pthread   conftest.cpp   >&5
configure:8011: $? = 0
configure:8011: result: yes
configure:8011: checking for atexit
configure:8011: g++ -o conftest -D NDEBUG -O4 -Ofast -pthread   conftest.cpp   >&5
configure:8011: $? = 0
configure:8011: result: yes
configure:8011: checking for gethostbyname
configure:8011: g++ -o conftest -D NDEBUG -O4 -Ofast -pthread   conftest.cpp   >&5
configure:8011: $? = 0
configure:8011: result: yes
configure:8011: checking for getline
configure:8011: g++ -o conftest -D NDEBUG -O4 -Ofast -pthread   conftest.cpp   >&5
configure:8011: $? = 0
configure:8011: result: yes
configure:8011: checking for gettimeofday
configure:8011: g++ -o conftest -D NDEBUG -O4 -Ofast -pthread   conftest.cpp   >&5
configure:8011: $? = 0
configure:8011: result: yes
configure:8011: checking for inet_ntoa
configure:8011: g++ -o conftest -D NDEBUG -O4 -Ofast -pthread   conftest.cpp   >&5
configure:8011: $? = 0
configure:8011: result: yes
configure:8011: checking for kill
configure:8011: g++ -o conftest -D NDEBUG -O4 -Ofast -pthread   conftest.cpp   >&5
configure:8011: $? = 0
configure:8011: result: yes
configure:8011: checking for memmove
configure:8011: g++ -o conftest -D NDEBUG -O4 -Ofast -pthread   conftest.cpp   >&5
configure:8011: $? = 0
configure:8011: result: yes
configure:8011: checking for memset
configure:8011: g++ -o conftest -D NDEBUG -O4 -Ofast -pthread   conftest.cpp   >&5
configure:8011: $? = 0
configure:8011: result: yes
configure:8011: checking for pow
configure:8011: g++ -o conftest -D NDEBUG -O4 -Ofast -pthread   conftest.cpp   >&5
configure:8011: $? = 0
configure:8011: result: yes
configure:8011: checking for signal
configure:8011: g++ -o conftest -D NDEBUG -O4 -Ofast -pthread   conftest.cpp   >&5
configure:8011: $? = 0
configure:8011: result: yes
configure:8011: checking for snprintf
configure:8011: g++ -o conftest -D NDEBUG -O4 -Ofast -pthread   conftest.cpp   >&5
configure:8011: $? = 0
configure:8011: result: yes
configure:8011: checking for socket
configure:8011: g++ -o conftest -D NDEBUG -O4 -Ofast -pthread   conftest.cpp   >&5
configure:8011: $? = 0
configure:8011: result: yes
configure:8011: checking for strchr
configure:8011: g++ -o conftest -D NDEBUG -O4 -Ofast -pthread   conftest.cpp   >&5
configure:8011: $? = 0
configure:8011: result: yes
configure:8011: checking for strdup
configure:8011: g++ -o conftest -D NDEBUG -O4 -Ofast -pthread   conftest.cpp   >&5
configure:8011: $? = 0
configure:8011: result: yes
configure:8011: checking for strerror
configure:8011: g++ -o conftest -D NDEBUG -O4 -Ofast -pthread   conftest.cpp   >&5
configure:8011: $? = 0
configure:8011: result: yes
configure:8011: checking for strsignal
configure:8011: g++ -o conftest -D NDEBUG -O4 -Ofast -pthread   conftest.cpp   >&5
configure:8011: $? = 0
configure:8011: result: yes
configure:8011: checking for strtol
configure:8011: g++ -o conftest -D NDEBUG -O4 -Ofast -pthread   conftest.cpp   >&5
configure:8011: $? = 0
configure:8011: result: yes
configure:8011: checking for strtoul
configure:8011: g++ -o conftest -D NDEBUG -O4 -Ofast -pthread   conftest.cpp   >&5
configure:8011: $? = 0
configure:8011: result: yes
configure:8011: checking for vasprintf
configure:8011: g++ -o conftest -D NDEBUG -O4 -Ofast -pthread   conftest.cpp   >&5
configure:8011: $? = 0
configure:8011: result: yes
configure:8011: checking for vsnprintf
configure:8011: g++ -o conftest -D NDEBUG -O4 -Ofast -pthread   conftest.cpp   >&5
configure:8011: $? = 0
configure:8011: result: yes
configure:8022: checking for gethostent
configure:8022: g++ -o conftest -D NDEBUG -O4 -Ofast -pthread   conftest.cpp   >&5
configure:8022: $? = 0
configure:8022: result: yes
configure:8073: checking for setsockopt
configure:8073: g++ -o conftest -D NDEBUG -O4 -Ofast -pthread   conftest.cpp   >&5
configure:8073: $? = 0
configure:8073: result: yes
configure:8239: checking that generated files are newer than configure
configure:8245: result: done
configure:8272: creating ./config.status

## ---------------------- ##
## Running config.status. ##
## ---------------------- ##

This file was extended by LoLA config.status 2.0, which was
generated by GNU Autoconf 2.69.  Invocation command line was

  CONFIG_FILES    = 
  CONFIG_HEADERS  = 
  CONFIG_LINKS    = 
  CONFIG_COMMANDS = 
  $ ./config.status 

on BA

config.status:972: creating Makefile
config.status:972: creating src/Makefile
config.status:972: creating utils/Makefile
config.status:972: creating doc/Doxyfile
config.status:972: creating doc/Doxydetails
config.status:972: creating doc/Makefile
config.status:972: creating tests/Makefile
config.status:972: creating tests/package.m4
config.status:972: creating tests/cover.sh
config.status:972: creating src/config.h
config.status:1201: executing depfiles commands
config.status:1201: executing tests/atconfig commands

## ---------------- ##
## Cache variables. ##
## ---------------- ##

ac_cv_build=x86_64-unknown-linux-gnu
ac_cv_c_compiler_gnu=yes
ac_cv_c_inline=inline
ac_cv_c_int16_t=yes
ac_cv_c_int32_t=yes
ac_cv_c_int64_t=yes
ac_cv_c_int8_t=yes
ac_cv_c_uint16_t=yes
ac_cv_c_uint32_t=yes
ac_cv_c_uint64_t=yes
ac_cv_c_uint8_t=yes
ac_cv_cxx_compiler_gnu=yes
ac_cv_env_CCC_set=
ac_cv_env_CCC_value=
ac_cv_env_CC_set=
ac_cv_env_CC_value=
ac_cv_env_CFLAGS_set=
ac_cv_env_CFLAGS_value=
ac_cv_env_CPPFLAGS_set=
ac_cv_env_CPPFLAGS_value=
ac_cv_env_CPP_set=
ac_cv_env_CPP_value=
ac_cv_env_CXXCPP_set=
ac_cv_env_CXXCPP_value=
ac_cv_env_CXXFLAGS_set=
ac_cv_env_CXXFLAGS_value=
ac_cv_env_CXX_set=
ac_cv_env_CXX_value=
ac_cv_env_LDFLAGS_set=
ac_cv_env_LDFLAGS_value=
ac_cv_env_LIBS_set=
ac_cv_env_LIBS_value=
ac_cv_env_YACC_set=
ac_cv_env_YACC_value=
ac_cv_env_YFLAGS_set=
ac_cv_env_YFLAGS_value=
ac_cv_env_build_alias_set=
ac_cv_env_build_alias_value=
ac_cv_env_host_alias_set=
ac_cv_env_host_alias_value=
ac_cv_env_target_alias_set=
ac_cv_env_target_alias_value=
ac_cv_func__doprnt=no
ac_cv_func_alloca_works=yes
ac_cv_func_asprintf=yes
ac_cv_func_atexit=yes
ac_cv_func_gethostbyname=yes
ac_cv_func_gethostent=yes
ac_cv_func_getline=yes
ac_cv_func_gettimeofday=yes
ac_cv_func_inet_ntoa=yes
ac_cv_func_kill=yes
ac_cv_func_malloc_0_nonnull=yes
ac_cv_func_memmove=yes
ac_cv_func_memset=yes
ac_cv_func_mktemp=yes
ac_cv_func_pow=yes
ac_cv_func_realloc_0_nonnull=yes
ac_cv_func_setsockopt=yes
ac_cv_func_signal=yes
ac_cv_func_snprintf=yes
ac_cv_func_socket=yes
ac_cv_func_strchr=yes
ac_cv_func_strdup=yes
ac_cv_func_strerror=yes
ac_cv_func_strsignal=yes
ac_cv_func_strtol=yes
ac_cv_func_strtoul=yes
ac_cv_func_vasprintf=yes
ac_cv_func_vfprintf=yes
ac_cv_func_vprintf=yes
ac_cv_func_vsnprintf=yes
ac_cv_header_arpa_inet_h=yes
ac_cv_header_fcntl_h=yes
ac_cv_header_inttypes_h=yes
ac_cv_header_libintl_h=yes
ac_cv_header_limits_h=yes
ac_cv_header_malloc_h=yes
ac_cv_header_memory_h=yes
ac_cv_header_minix_config_h=no
ac_cv_header_netdb_h=yes
ac_cv_header_netinet_in_h=yes
ac_cv_header_stdbool_h=no
ac_cv_header_stdc=yes
ac_cv_header_stddef_h=yes
ac_cv_header_stdint_h=yes
ac_cv_header_stdlib_h=yes
ac_cv_header_string_h=yes
ac_cv_header_strings_h=yes
ac_cv_header_sys_socket_h=yes
ac_cv_header_sys_stat_h=yes
ac_cv_header_sys_time_h=yes
ac_cv_header_sys_types_h=yes
ac_cv_header_unistd_h=yes
ac_cv_host=x86_64-unknown-linux-gnu
ac_cv_lib_error_at_line=yes
ac_cv_objext=o
ac_cv_path_EGREP='/bin/grep -E'
ac_cv_path_GREP=/bin/grep
ac_cv_path_SED=/bin/sed
ac_cv_path_VALGRIND='not found'
ac_cv_path_install='/usr/bin/install -c'
ac_cv_path_mkdir=/bin/mkdir
ac_cv_prog_AWK=mawk
ac_cv_prog_CPP='gcc -E'
ac_cv_prog_CXXCPP='g++ -E'
ac_cv_prog_ac_ct_CC=gcc
ac_cv_prog_ac_ct_CXX=g++
ac_cv_prog_ac_ct_RANLIB=ranlib
ac_cv_prog_cc_c89=
ac_cv_prog_cc_g=yes
ac_cv_prog_cc_gcc_c_o=yes
ac_cv_prog_cxx_g=yes
ac_cv_prog_make_make_set=yes
ac_cv_safe_to_define___extensions__=yes
ac_cv_sizeof_arrayindex_t=4
ac_cv_sizeof_bool=1
ac_cv_sizeof_capacity_t=4
ac_cv_sizeof_cardbit_t=1
ac_cv_sizeof_char=1
ac_cv_sizeof_fairnessAssumption_t=4
ac_cv_sizeof_hash_t=8
ac_cv_sizeof_int64_t=8
ac_cv_sizeof_int=4
ac_cv_sizeof_mult_t=2
ac_cv_sizeof_sockaddr_in=16
ac_cv_sizeof_statenumber_t=4
ac_cv_sizeof_vectordata_t=4
ac_cv_sizeof_voidp=8
ac_cv_type__Bool=no
ac_cv_type_size_t=yes
ac_cv_type_ssize_t=yes
ac_cv_working_alloca_h=yes
am_cv_CC_dependencies_compiler_type=gcc3
am_cv_CXX_dependencies_compiler_type=gcc3
am_cv_make_support_nested_variables=yes
ax_cv_PTHREAD_PRIO_INHERIT=yes
ax_cv_check_cflags___Ofast=yes

## ----------------- ##
## Output variables. ##
## ----------------- ##

ACLOCAL='${SHELL} /home/tom/Development/lola-2.0/build-aux/missing aclocal-1.13'
ALLOCA=''
AMDEPBACKSLASH='\'
AMDEP_FALSE='#'
AMDEP_TRUE=''
AMTAR='$${TAR-tar}'
AM_BACKSLASH='\'
AM_DEFAULT_V='$(AM_DEFAULT_VERBOSITY)'
AM_DEFAULT_VERBOSITY='0'
AM_V='$(V)'
AUTOCONF='${SHELL} /home/tom/Development/lola-2.0/build-aux/missing autoconf'
AUTOHEADER='${SHELL} /home/tom/Development/lola-2.0/build-aux/missing autoheader'
AUTOM4TE='${SHELL} /home/tom/Development/lola-2.0/build-aux/missing autom4te'
AUTOMAKE='${SHELL} /home/tom/Development/lola-2.0/build-aux/missing automake-1.13'
AWK='mawk'
CC='gcc'
CCDEPMODE='depmode=gcc3'
CFLAGS=' -O4 -Ofast -pthread'
CPP='gcc -E'
CPPFLAGS=''
CXX='g++'
CXXCPP='g++ -E'
CXXDEPMODE='depmode=gcc3'
CXXFLAGS='-D NDEBUG -O4 -Ofast -pthread'
CYGPATH_W='echo'
DEFS='-DHAVE_CONFIG_H'
DEPDIR='.deps'
ECHO_C=''
ECHO_N='-n'
ECHO_T=''
EGREP='/bin/grep -E'
EXEEXT=''
GENGETOPT='${SHELL} /home/tom/Development/lola-2.0/build-aux/missing gengetopt'
GREP='/bin/grep'
HELP2MAN='${SHELL} /home/tom/Development/lola-2.0/build-aux/missing help2man'
INSTALL_DATA='${INSTALL} -m 644'
INSTALL_PROGRAM='${INSTALL}'
INSTALL_SCRIPT='${INSTALL}'
INSTALL_STRIP_PROGRAM='$(install_sh) -c -s'
KC='${SHELL} /home/tom/Development/lola-2.0/build-aux/missing kc++'
LCOV='${SHELL} /home/tom/Development/lola-2.0/build-aux/missing lcov'
LCOV_GENDESC='${SHELL} /home/tom/Development/lola-2.0/build-aux/missing gendesc'
LCOV_GENHTML='${SHELL} /home/tom/Development/lola-2.0/build-aux/missing genhtml'
LDFLAGS=''
LEX=':'
LEXLIB=''
LEX_OUTPUT_ROOT=''
LIBOBJS=''
LIBS=' '
LN_S='ln -s'
LTLIBOBJS=''
MAKEINFO='${SHELL} /home/tom/Development/lola-2.0/build-aux/missing makeinfo'
MKDIR_P='/bin/mkdir -p'
OBJEXT='o'
PACKAGE='lola'
PACKAGE_BUGREPORT='lola@service-technology.org'
PACKAGE_NAME='LoLA'
PACKAGE_STRING='LoLA 2.0'
PACKAGE_TARNAME='lola'
PACKAGE_URL='http://service-technology.org/lola'
PACKAGE_VERSION='2.0'
PATH_SEPARATOR=':'
PTHREAD_CC='gcc'
PTHREAD_CFLAGS='-pthread'
PTHREAD_LIBS=''
RANLIB='ranlib'
SED='/bin/sed'
SET_MAKE=''
SHELL='/bin/bash'
STRIP=''
VALGRIND='not found'
VERSION='2.0'
VERSION_SVN=''
YACC='yacc'
YFLAGS=''
ac_ct_CC='gcc'
ac_ct_CXX='g++'
am__EXEEXT_FALSE=''
am__EXEEXT_TRUE='#'
am__fastdepCC_FALSE='#'
am__fastdepCC_TRUE=''
am__fastdepCXX_FALSE='#'
am__fastdepCXX_TRUE=''
am__include='include'
am__isrc=''
am__leading_dot='.'
am__nodep='_no'
am__quote=''
am__tar='$${TAR-tar} chof - "$$tardir"'
am__untar='$${TAR-tar} xf -'
ax_pthread_config=''
bindir='${exec_prefix}/bin'
build='x86_64-unknown-linux-gnu'
build_alias=''
build_cpu='x86_64'
build_os='linux-gnu'
build_vendor='unknown'
datadir='${datarootdir}'
datarootdir='${prefix}/share'
docdir='${datarootdir}/doc/${PACKAGE_TARNAME}'
dvidir='${docdir}'
exec_prefix='${prefix}'
host='x86_64-unknown-linux-gnu'
host_alias=''
host_cpu='x86_64'
host_os='linux-gnu'
host_vendor='unknown'
htmldir='${docdir}'
includedir='${prefix}/include'
infodir='${datarootdir}/info'
install_sh='${SHELL} /home/tom/Development/lola-2.0/build-aux/install-sh'
libdir='${exec_prefix}/lib'
libexecdir='${exec_prefix}/libexec'
localedir='${datarootdir}/locale'
localstatedir='${prefix}/var'
mandir='${datarootdir}/man'
mkdir_p='$(MKDIR_P)'
oldincludedir='/usr/include'
pdfdir='${docdir}'
prefix='/usr/local'
program_transform_name='s,x,x,'
psdir='${docdir}'
sbindir='${exec_prefix}/sbin'
sharedstatedir='${prefix}/com'
sysconfdir='${prefix}/etc'
target_alias=''

## ----------- ##
## confdefs.h. ##
## ----------- ##

/* confdefs.h */
#define PACKAGE_NAME "LoLA"
#define PACKAGE_TARNAME "lola"
#define PACKAGE_VERSION "2.0"
#define PACKAGE_STRING "LoLA 2.0"
#define PACKAGE_BUGREPORT "lola@service-technology.org"
#define PACKAGE_URL "http://service-technology.org/lola"
#define PACKAGE "lola"
#define VERSION "2.0"
#define STDC_HEADERS 1
#define HAVE_SYS_TYPES_H 1
#define HAVE_SYS_STAT_H 1
#define HAVE_STDLIB_H 1
#define HAVE_STRING_H 1
#define HAVE_MEMORY_H 1
#define HAVE_STRINGS_H 1
#define HAVE_INTTYPES_H 1
#define HAVE_STDINT_H 1
#define HAVE_UNISTD_H 1
#define __EXTENSIONS__ 1
#define _ALL_SOURCE 1
#define _GNU_SOURCE 1
#define _POSIX_PTHREAD_SEMANTICS 1
#define _TANDEM_SOURCE 1
#define NDEBUG 1
#define USE_PERFORMANCE 1
#define VERSION_SVN ""
#define CONFIG_HOSTNAME "BA"
#define CONFIG_BUILDSYSTEM "x86_64-unknown-linux-gnu"
#define TOOL_AWK "\"mawk\""
#define TOOL_GREP "\"/bin/grep\""
#define HAVE_MKTEMP 1
#define HAVE_VFPRINTF 1
#define HAVE_PTHREAD_PRIO_INHERIT 1
#define HAVE_PTHREAD 1
#define SIZEOF_VOIDP 8
#define SIZEOF_INT 4
#define SIZEOF_CHAR 1
#define SIZEOF_INT64_T 8
#define SIZEOF_ARRAYINDEX_T 4
#define SIZEOF_MULT_T 2
#define SIZEOF_CAPACITY_T 4
#define SIZEOF_CARDBIT_T 1
#define SIZEOF_HASH_T 8
#define SIZEOF_FAIRNESSASSUMPTION_T 4
#define SIZEOF_VECTORDATA_T 4
#define SIZEOF_STATENUMBER_T 4
#define SIZEOF_SOCKADDR_IN 16
#define SIZEOF_BOOL 1
#define HAVE_ALLOCA_H 1
#define HAVE_ALLOCA 1
#define HAVE_ARPA_INET_H 1
#define HAVE_INTTYPES_H 1
#define HAVE_LIBINTL_H 1
#define HAVE_MALLOC_H 1
#define HAVE_NETINET_IN_H 1
#define HAVE_STDDEF_H 1
#define HAVE_STDLIB_H 1
#define HAVE_STRING_H 1
#define HAVE_SYS_SOCKET_H 1
#define HAVE_UNISTD_H 1
#define HAVE_LIMITS_H 1
#define HAVE_NETDB_H 1
#define HAVE_SYS_TIME_H 1
#define HAVE_FCNTL_H 1
#define HAVE_STDLIB_H 1
#define HAVE_MALLOC 1
#define HAVE_STDLIB_H 1
#define HAVE_REALLOC 1
#define HAVE_VPRINTF 1
#define HAVE_ASPRINTF 1
#define HAVE_ATEXIT 1
#define HAVE_GETHOSTBYNAME 1
#define HAVE_GETLINE 1
#define HAVE_GETTIMEOFDAY 1
#define HAVE_INET_NTOA 1
#define HAVE_KILL 1
#define HAVE_MEMMOVE 1
#define HAVE_MEMSET 1
#define HAVE_POW 1
#define HAVE_SIGNAL 1
#define HAVE_SNPRINTF 1
#define HAVE_SOCKET 1
#define HAVE_STRCHR 1
#define HAVE_STRDUP 1
#define HAVE_STRERROR 1
#define HAVE_STRSIGNAL 1
#define HAVE_STRTOL 1
#define HAVE_STRTOUL 1
#define HAVE_VASPRINTF 1
#define HAVE_VSNPRINTF 1

configure: exit 0
